T2C04 000:001.071   SEGGER J-Link V7.98g Log File
T2C04 000:001.305   DLL Compiled: Sep  5 2024 11:46:36
T2C04 000:001.316   Logging started @ 2024-11-19 07:27
T2C04 000:001.325   Process: C:\Users\conte\.eclipse\com.renesas.platform_15818172\DebugComp\RA\e2-server-gdb.exe
T2C04 000:001.337 - 1.334ms
T2C04 000:001.361 JLINK_GetDLLVersion()
T2C04 000:001.371 - 0.011ms returns 79807
T2C04 000:006.124 JLINK_OpenEx(...)
T2C04 000:014.299   Firmware: J-Link ARM-OB STM32 compiled Aug 22 2012 19:52:04
T2C04 000:015.021   Firmware: J-Link ARM-OB STM32 compiled Aug 22 2012 19:52:04
T2C04 000:016.664   Hardware: V7.00
T2C04 000:016.683   S/N: 20090929
T2C04 000:016.696   OEM: SEGGER
T2C04 000:016.708   Feature(s): RDI,FlashDL,FlashBP,JFlash,GDBFull
T2C04 000:017.104   Bootloader: (FW returned invalid version)
T2C04 000:017.801   TELNET listener socket opened on port 19021
T2C04 000:018.088   WEBSRV WEBSRV_Init(): Starting webserver thread(s)
T2C04 000:018.255   WEBSRV Webserver running on local port 19080
T2C04 000:018.589   Looking for J-Link GUI Server exe at: C:\Users\conte\.eclipse\com.renesas.platform_15818172\DebugComp\RA\ARM\Segger_v7.98.7\JLinkGUIServer.exe
T2C04 000:018.759   Looking for J-Link GUI Server exe at: C:\Program Files\SEGGER\JLink_V810g\JLinkGUIServer.exe
T2C04 000:328.069   Failed to connect to J-Link GUI Server.
T2C04 000:328.207 - 322.048ms returns "O.K."
T2C04 000:328.660 JLINK_ExecCommand("ProjectFile=C:\Users\conte\e2_studio\workspace\WeAct_blink/WeAct_blink Debug_Flat.jlink", ...). 
T2C04 000:379.308 - 50.671ms returns 0x00
T2C04 000:379.844 JLINK_ExecCommand("device=R7FA4M1AB", ...). 
T2C04 000:381.253   Device "R7FA4M1AB" selected.
T2C04 000:381.917 - 2.052ms returns 0x00
T2C04 000:382.008 JLINK_ExecCommand("SetCPUConnectIDCODE = FFFFFFFFFFFFFFFFFFFFFFFFFFFFFFFF", ...). 
T2C04 000:382.036 - 0.007ms returns 0x00
T2C04 000:382.050 JLINK_TIF_GetAvailable(...)
T2C04 000:382.234 - 0.182ms
T2C04 000:382.259 JLINK_TIF_Select(JLINKARM_TIF_SWD)
T2C04 000:382.742 - 0.482ms returns 0x00
T2C04 000:382.775 JLINK_SetSpeed(4000)
T2C04 000:382.896 - 0.125ms
T2C04 000:382.920 JLINK_SetEndian(ARM_ENDIAN_LITTLE)
T2C04 000:382.929 - 0.009ms returns 0
T2C04 000:382.947 JLINK_SetInitRegsOnReset(OFF)
T2C04 000:382.957 - 0.016ms returns 1
T2C04 000:382.968 JLINK_SetResetType(JLINKARM_RESET_TYPE_NO_RESET)
T2C04 000:382.984 - 0.015ms returns JLINKARM_RESET_TYPE_NORMAL
T2C04 000:383.035 JLINK_ExecCommand("EnableFlashBPs", ...). 
T2C04 000:383.056 - 0.001ms returns 0x00
T2C04 000:383.070 JLINK_ExecCommand("SetAllowFlashCache = 1", ...). 
T2C04 000:383.084 - 0.001ms returns 0x01
T2C04 000:383.096 JLINK_ExecCommand("SetRestartOnClose = 0", ...). 
T2C04 000:383.113 - 0.003ms returns 0x01
T2C04 000:383.129 JLINK_EnableSoftBPs(ON)
T2C04 000:383.142 - 0.013ms
T2C04 000:383.165 JLINK_Connect()
T2C04 000:383.603   InitTarget() start
T2C04 000:383.626    J-Link Script File: Executing InitTarget()
T2C04 000:383.643   Identifying target device...
T2C04 000:383.657   SWD selected. Executing JTAG -> SWD switching sequence...
T2C04 000:385.302   Initializing DAP...
T2C04 000:387.527   DAP initialized successfully.
T2C04 000:390.928   Low power mode detected. Waking device from low power mode.
T2C04 000:398.130   InitTarget() end - Took 14.5ms
T2C04 000:398.920   Found SW-DP with ID 0x5BA02477
T2C04 000:402.664   Old FW that does not support reading DPIDR via DAP jobs
T2C04 000:406.532   DPv0 detected
T2C04 000:406.560   CoreSight SoC-400 or earlier
T2C04 000:406.579   Scanning AP map to find all available APs
T2C04 000:410.330   AP[2]: Stopped AP scan as end of AP map has been reached
T2C04 000:410.360   AP[0]: AHB-AP (IDR: 0x24770011, ADDR: 0x00000000)
T2C04 000:410.379   AP[1]: APB-AP (IDR: 0x44770002, ADDR: 0x01000000)
T2C04 000:410.397   Iterating through AP map to find AHB-AP to use
T2C04 000:414.657   AP[0]: Core found
T2C04 000:414.702   AP[0]: AHB-AP ROM base: 0xE00FF000
T2C04 000:416.837   CPUID register: 0x410FC241. Implementer code: 0x41 (ARM)
T2C04 000:416.873   Found Cortex-M4 r0p1, Little endian.
T2C04 000:417.431   -- Max. mem block: 0x00002C18
T2C04 000:417.916   CPU_ReadMem(4 bytes @ 0xE000EDF0)
T2C04 000:418.370   CPU_ReadMem(4 bytes @ 0xE0002000)
T2C04 000:418.852   FPUnit: 6 code (BP) slots and 2 literal slots
T2C04 000:418.881   CPU_ReadMem(4 bytes @ 0xE000EDFC)
T2C04 000:419.307   CPU_ReadMem(4 bytes @ 0xE0001000)
T2C04 000:419.738   CPU_WriteMem(4 bytes @ 0xE0001000)
T2C04 000:420.208   CPU_ReadMem(4 bytes @ 0xE000ED88)
T2C04 000:420.674   CPU_WriteMem(4 bytes @ 0xE000ED88)
T2C04 000:421.152   CPU_ReadMem(4 bytes @ 0xE000ED88)
T2C04 000:421.584   CPU_WriteMem(4 bytes @ 0xE000ED88)
T2C04 000:422.024   CoreSight components:
T2C04 000:422.052   ROMTbl[0] @ E00FF000
T2C04 000:422.072   CPU_ReadMem(64 bytes @ 0xE00FF000)
T2C04 000:423.118   CPU_ReadMem(32 bytes @ 0xE000EFE0)
T2C04 000:423.860   [0][0]: E000E000 CID B105E00D PID 000BB00C SCS-M7
T2C04 000:423.889   CPU_ReadMem(32 bytes @ 0xE0001FE0)
T2C04 000:424.584   [0][1]: E0001000 CID B105E00D PID 003BB002 DWT
T2C04 000:424.623   CPU_ReadMem(32 bytes @ 0xE0002FE0)
T2C04 000:425.334   [0][2]: E0002000 CID B105E00D PID 002BB003 FPB
T2C04 000:425.373   CPU_ReadMem(32 bytes @ 0xE0000FE0)
T2C04 000:426.089   [0][3]: E0000000 CID B105E00D PID 003BB001 ITM
T2C04 000:426.112   CPU_ReadMem(32 bytes @ 0xE0040FE0)
T2C04 000:426.798   [0][4]: E0040000 CID B105900D PID 000BB9A1 TPIU
T2C04 000:426.818   CPU_ReadMem(32 bytes @ 0xE0041FE0)
T2C04 000:427.538   [0][5]: E0041000 CID B105900D PID 000BB925 ETM
T2C04 000:427.559   CPU_ReadMem(32 bytes @ 0xE0042FE0)
T2C04 000:428.216   [0][6]: E0042000 CID B105900D PID 002BB908 CSTF
T2C04 000:428.236   CPU_ReadMem(32 bytes @ 0xE0043FE0)
T2C04 000:428.938   [0][7]: E0043000 CID B105900D PID 001BB961 TMC
T2C04 000:428.982   CPU_ReadMem(32 bytes @ 0xE0044FE0)
T2C04 000:429.650   [0][8]: E0044000 CID B105F00D PID 001BB101 TSG
T2C04 000:429.707 - 46.541ms returns 0x00
T2C04 000:429.733 JLINK_Halt()
T2C04 000:432.761 - 3.026ms returns 0x00
T2C04 000:432.813 JLINK_IsHalted()
T2C04 000:432.844 - 0.030ms returns TRUE
T2C04 000:432.871 JLINK_ResetPullsRESET(ON)
T2C04 000:432.885 - 0.015ms
T2C04 000:432.905 JLINK_Reset()
T2C04 000:432.963   CPU_WriteMem(4 bytes @ 0xE000EDF0)
T2C04 000:433.426   CPU_WriteMem(4 bytes @ 0xE000EDFC)
T2C04 000:433.896   Reset: Halt core after reset via DEMCR.VC_CORERESET.
T2C04 000:434.340   Reset: Reset device via AIRCR.SYSRESETREQ.
T2C04 000:434.366   CPU_WriteMem(4 bytes @ 0xE000ED0C)
T2C04 000:488.423   CPU_ReadMem(4 bytes @ 0xE000EDF0)
T2C04 000:488.922   CPU_ReadMem(4 bytes @ 0xE000EDF0)
T2C04 000:489.389   CPU_WriteMem(4 bytes @ 0xE000EDFC)
T2C04 000:495.071   CPU_ReadMem(4 bytes @ 0xE000EDF0)
T2C04 000:499.263   CPU_WriteMem(4 bytes @ 0xE0002000)
T2C04 000:499.860   CPU_ReadMem(4 bytes @ 0xE000EDFC)
T2C04 000:500.427   CPU_ReadMem(4 bytes @ 0xE0001000)
T2C04 000:501.011 - 68.105ms
T2C04 000:501.132 JLINK_ReadMemEx(0x407FB19C, 0x8 Bytes, Flags = 0x00000004)
T2C04 000:501.160   CPU_ReadMem(8 bytes @ 0x407FB19C)
T2C04 000:501.734   Data:  00 3C 00 01 00 00 00 00
T2C04 000:501.765 - 0.633ms returns 8 (0x8)
T2C04 000:501.808 JLINK_ReadMem(0x01003C24, 0x10 Bytes, ...)
T2C04 000:501.830   CPU_ReadMem(16 bytes @ 0x01003C24)
T2C04 000:502.453   Data:  52 37 46 41 34 4D 31 41 42 33 43 46 4D 20 20 20
T2C04 000:502.484 - 0.676ms returns 0
T2C04 000:502.523 JLINK_IsHalted()
T2C04 000:502.539 - 0.015ms returns TRUE
T2C04 000:503.173 JLINK_MeasureCPUSpeed(RAMAddr = 0xFFFFFFFF)
T2C04 000:503.204   CPU_ReadMem(16 bytes @ 0x20000000)
T2C04 000:503.930   CPU_ReadMem(64 bytes @ 0x20000000)
T2C04 000:505.043    -- Updating C cache (64 bytes @ 0x20000000)
T2C04 000:505.077    -- Read from C cache (6 bytes @ 0x20000000)
T2C04 000:505.102   CPU_ReadMem(4 bytes @ 0xE000ED90)
T2C04 000:505.614   CPU_ReadMem(4 bytes @ 0xE000ED94)
T2C04 000:506.170   CPU_WriteMem(16 bytes @ 0x20000000)
T2C04 000:506.862   CPU_WriteMem(6 bytes @ 0x20000000)
T2C04 000:507.508   CPU_ReadMem(64 bytes @ 0x20000000)
T2C04 000:508.688    -- Updating C cache (64 bytes @ 0x20000000)
T2C04 000:508.730    -- Read from C cache (6 bytes @ 0x20000000)
T2C04 000:508.769   CPU_WriteMem(4 bytes @ 0xE0002008)
T2C04 000:508.790   CPU_WriteMem(4 bytes @ 0xE000200C)
T2C04 000:508.808   CPU_WriteMem(4 bytes @ 0xE0002010)
T2C04 000:508.826   CPU_WriteMem(4 bytes @ 0xE0002014)
T2C04 000:508.845   CPU_WriteMem(4 bytes @ 0xE0002018)
T2C04 000:508.863   CPU_WriteMem(4 bytes @ 0xE000201C)
T2C04 000:517.466   CPU_WriteMem(4 bytes @ 0xE0002008)
T2C04 000:518.029   CPU_WriteMem(4 bytes @ 0xE000200C)
T2C04 000:518.604   CPU_WriteMem(4 bytes @ 0xE0002010)
T2C04 000:519.164   CPU_WriteMem(4 bytes @ 0xE0002014)
T2C04 000:519.685   CPU_WriteMem(4 bytes @ 0xE0002018)
T2C04 000:520.261   CPU_WriteMem(4 bytes @ 0xE000201C)
T2C04 000:547.856   CPU_WriteMem(6 bytes @ 0x20000000)
T2C04 000:548.691   ClockFreq: 517800 Hz
T2C04 000:548.738 - 45.564ms returns 517800
T2C04 000:548.771 JLINK_ReadReg(XPSR)
T2C04 000:548.791 - 0.020ms returns 0x01000000
T0AB0 002:647.843 JLINK_ReadReg(XPSR)
T0AB0 002:648.324 - 0.480ms returns 0x01000000
T0AB0 002:674.391 JLINK_ReadReg(XPSR)
T0AB0 002:674.442 - 0.051ms returns 0x01000000
T0AB0 002:734.276 JLINK_ReadReg(XPSR)
T0AB0 002:734.332 - 0.056ms returns 0x01000000
T0AB0 002:940.288 JLINK_SetEndian(ARM_ENDIAN_LITTLE)
T0AB0 002:940.346 - 0.057ms returns 0
T0AB0 002:940.899 JLINK_BeginDownload(Flags = 0x00000000)
T0AB0 002:940.940 - 0.042ms
T0AB0 002:959.697 JLINK_WriteMem(0x00000000, 0xBC0 Bytes, ...)
T0AB0 002:959.738   Data:  88 04 00 20 4D 0B 00 00 29 0A 00 00 49 0B 00 00 ...
T0AB0 002:960.069   completely In flash
T0AB0 002:960.090 - 0.393ms returns 0xBC0
T0AB0 002:960.994 JLINK_WriteMem(0x00000BC0, 0x1F4 Bytes, ...)
T0AB0 002:961.046   Data:  81 F3 10 88 30 4A 11 68 C1 F3 00 01 8D F8 07 10 ...
T0AB0 002:961.073   completely In flash
T0AB0 002:961.088 - 0.095ms returns 0x1F4
T0AB0 002:961.408 JLINK_WriteMem(0x00000DB4, 0x8 Bytes, ...)
T0AB0 002:961.438   Data:  A5 04 00 00 7D 04 00 00
T0AB0 002:961.461   completely In flash
T0AB0 002:961.490 - 0.082ms returns 0x8
T0AB0 002:961.898 JLINK_WriteMem(0x01010018, 0x1C Bytes, ...)
T0AB0 002:961.931   Data:  FF FF FF FF FF FF FF FF FF FF FF FF FF FF FF FF ...
T0AB0 002:962.266   completely In flash
T0AB0 002:962.286 - 0.388ms returns 0x1C
T0AB0 002:987.087 JLINK_EndDownload()
T0AB0 002:987.164   Old firmware which does not support pausing periodic actions during flash download
T0AB0 002:987.195   CPU_ReadMem(4 bytes @ 0xE000ED90)
T0AB0 002:987.669   CPU_ReadMem(4 bytes @ 0xE000ED94)
T0AB0 002:988.133    -- --------------------------------------
T0AB0 002:988.162    -- Flash bank @ 0x00000000: Default: L2 verify disabled because algorithm performs L1 verify
T0AB0 002:988.176    -- Start of determining dirty areas in flash cache
T0AB0 002:988.195    -- Filling invalid ranges in sector buffer (flash cache) for sector @ 0x00000000 if necessary
T0AB0 002:988.211    -- Filling invalid ranges in sector buffer (flash cache) for sector @ 0x00000800 if necessary
T0AB0 002:988.311    -- End of determining dirty areas
T0AB0 002:988.325    -- Start of preparing flash programming
T0AB0 002:988.342    -- Calculating RAM usage
T0AB0 002:988.488    -- RAM usage = 3572 Bytes
T0AB0 002:988.502    -- Preserving CPU registers
T0AB0 002:988.575    -- Determining CPU clock frequency
T0AB0 003:027.593    -- Preparing target
T0AB0 003:034.406    -- Preserving target RAM temporarily used for programming
T0AB0 003:068.754    -- Downloading RAMCode
T0AB0 003:113.456    -- Preparing RAMCode
T0AB0 003:124.301    -- CPU frequency = 8000 kHz
T0AB0 003:124.392    -- End of preparing flash programming
T0AB0 003:124.444   
  ***** Warning: 
T0AB0 003:124.481   CPU is running at low speed (8000 kHz).
T0AB0 003:124.554    -- CPU is running at 8000 kHz.
T0AB0 003:124.592    -- Start of comparing flash
T0AB0 003:124.628    -- CRC check was estimated as fastest method
T0AB0 003:124.672    -- Comparing range 0x0000 - 0x0FFF (2 Sectors, 4 KB), using multi-block CRC calculation
T0AB0 003:138.486    -- All CRCs match
T0AB0 003:138.596    -- Comparing range 0x0000 - 0x0FFF (2 Sectors, 4 KB), using alternative multi-block CRC calculation
T0AB0 003:152.541    -- All CRCs match
T0AB0 003:152.625    -- End of comparing flash
T0AB0 003:152.666    -- Start of erasing sectors
T0AB0 003:152.701    -- End of erasing sectors
T0AB0 003:152.736    -- Start of flash programming
T0AB0 003:152.770    -- End of flash programming
T0AB0 003:152.804    -- Start of restoring
T0AB0 003:152.839    -- Restoring RAMCode
T0AB0 003:158.426    -- Restoring target memory
T0AB0 003:194.929    -- Restore target
T0AB0 003:199.629    -- Restoring CPU registers
T0AB0 003:199.798    -- End of restoring
T0AB0 003:199.852    -- Bank 0 @ 0x00000000: Skipped. Contents already match
T0AB0 003:199.894    -- Bank 0 @ 0x00000000: Skipped. Contents already match
T0AB0 003:199.948    -- --------------------------------------
T0AB0 003:199.990    -- Flash bank @ 0x01010008: Default: L2 verify disabled because algorithm performs L1 verify
T0AB0 003:200.031    -- Start of determining dirty areas in flash cache
T0AB0 003:200.075    -- Filling invalid ranges in sector buffer (flash cache) for sector @ 0x01010008 if necessary
T0AB0 003:200.126    -- End of determining dirty areas
T0AB0 003:200.165    -- Start of preparing flash programming
T0AB0 003:200.204    -- Calculating RAM usage
T0AB0 003:200.288    -- RAM usage = 3684 Bytes
T0AB0 003:200.328    -- Preserving CPU registers
T0AB0 003:200.410    -- Determining CPU clock frequency
T0AB0 003:244.102    -- Preparing target
T0AB0 003:254.604    -- Preserving target RAM temporarily used for programming
T0AB0 003:290.175    -- Downloading RAMCode
T0AB0 003:334.709    -- Preparing RAMCode
T0AB0 003:345.387    -- CPU frequency = 8000 kHz
T0AB0 003:345.491    -- End of preparing flash programming
T0AB0 003:345.544   
  ***** Warning: 
T0AB0 003:345.579   CPU is running at low speed (8000 kHz).
T0AB0 003:345.616    -- CPU is running at 8000 kHz.
T0AB0 003:345.656    -- Start of comparing flash
T0AB0 003:345.697    -- CRC check was estimated as fastest method
T0AB0 003:345.746    -- Comparing range 0x1010008 - 0x1010033 (1 Sector, 44 Bytes), using multi-block CRC calculation
T0AB0 003:348.699    -- All CRCs match
T0AB0 003:348.794    -- Comparing range 0x1010008 - 0x1010033 (1 Sector, 44 Bytes), using alternative multi-block CRC calculation
T0AB0 003:351.694    -- All CRCs match
T0AB0 003:351.777    -- End of comparing flash
T0AB0 003:351.824    -- Start of erasing sectors
T0AB0 003:351.863    -- End of erasing sectors
T0AB0 003:351.902    -- Start of flash programming
T0AB0 003:351.940    -- End of flash programming
T0AB0 003:351.979    -- Start of restoring
T0AB0 003:352.018    -- Restoring RAMCode
T0AB0 003:357.507    -- Restoring target memory
T0AB0 003:395.110    -- Restore target
T0AB0 003:400.072    -- Restoring CPU registers
T0AB0 003:400.240    -- End of restoring
T0AB0 003:400.296    -- Bank 1 @ 0x01010008: Skipped. Contents already match
T0AB0 003:400.344    -- Bank 1 @ 0x01010008: Skipped. Contents already match
T0AB0 003:400.408 - 413.320ms returns 0 (0x0)
T0AB0 003:401.216 JLINK_WriteReg(R15 (PC), 0x00000B4C)
T0AB0 003:401.282 - 0.067ms returns 0
T0AB0 003:401.337 JLINK_WriteReg(XPSR, 0x01000000)
T0AB0 003:401.379 - 0.041ms returns 0
T0AB0 003:401.524 JLINK_ResetPullsRESET(ON)
T0AB0 003:401.579 - 0.056ms
T0AB0 003:401.627 JLINK_Halt()
T0AB0 003:401.689 - 0.061ms returns 0x00
T0AB0 003:401.723 JLINK_IsHalted()
T0AB0 003:401.751 - 0.027ms returns TRUE
T0AB0 003:401.782 JLINK_Reset()
T0AB0 003:401.831   CPU_WriteMem(4 bytes @ 0xE000EDF0)
T0AB0 003:402.510   CPU_WriteMem(4 bytes @ 0xE000EDFC)
T0AB0 003:403.198   Reset: Halt core after reset via DEMCR.VC_CORERESET.
T0AB0 003:404.008   Reset: Reset device via AIRCR.SYSRESETREQ.
T0AB0 003:404.080   CPU_WriteMem(4 bytes @ 0xE000ED0C)
T0AB0 003:457.312   CPU_ReadMem(4 bytes @ 0xE000EDF0)
T0AB0 003:457.828   CPU_ReadMem(4 bytes @ 0xE000EDF0)
T0AB0 003:458.280   CPU_WriteMem(4 bytes @ 0xE000EDFC)
T0AB0 003:464.285   CPU_ReadMem(4 bytes @ 0xE000EDF0)
T0AB0 003:467.920   CPU_WriteMem(4 bytes @ 0xE0002000)
T0AB0 003:468.404   CPU_ReadMem(4 bytes @ 0xE000EDFC)
T0AB0 003:468.963   CPU_ReadMem(4 bytes @ 0xE0001000)
T0AB0 003:469.535 - 67.753ms
T0AB0 003:469.569 JLINK_SetEndian(ARM_ENDIAN_LITTLE)
T0AB0 003:469.579 - 0.009ms returns 0
T0AB0 003:470.647 JLINK_ResetPullsRESET(ON)
T0AB0 003:470.696 - 0.049ms
T0AB0 003:470.710 JLINK_Halt()
T0AB0 003:470.724 - 0.012ms returns 0x00
T0AB0 003:470.736 JLINK_IsHalted()
T0AB0 003:470.749 - 0.012ms returns TRUE
T0AB0 003:470.762 JLINK_Reset()
T0AB0 003:470.787   CPU_WriteMem(4 bytes @ 0xE000EDF0)
T0AB0 003:471.283   CPU_WriteMem(4 bytes @ 0xE000EDFC)
T0AB0 003:471.760   Reset: Halt core after reset via DEMCR.VC_CORERESET.
T0AB0 003:472.175   Reset: Reset device via AIRCR.SYSRESETREQ.
T0AB0 003:472.197   CPU_WriteMem(4 bytes @ 0xE000ED0C)
T0AB0 003:526.040   CPU_ReadMem(4 bytes @ 0xE000EDF0)
T0AB0 003:526.871   CPU_ReadMem(4 bytes @ 0xE000EDF0)
T0AB0 003:527.757   CPU_WriteMem(4 bytes @ 0xE000EDFC)
T0AB0 003:534.363   CPU_ReadMem(4 bytes @ 0xE000EDF0)
T0AB0 003:539.139   CPU_WriteMem(4 bytes @ 0xE0002000)
T0AB0 003:540.068   CPU_ReadMem(4 bytes @ 0xE000EDFC)
T0AB0 003:540.920   CPU_ReadMem(4 bytes @ 0xE0001000)
T0AB0 003:541.770 - 71.004ms
T0AB0 003:541.883 JLINK_SetEndian(ARM_ENDIAN_LITTLE)
T0AB0 003:541.921 - 0.037ms returns 0
T0AB0 003:578.610 JLINK_ReadReg(XPSR)
T0AB0 003:578.688 - 0.077ms returns 0x01000000
T0AB0 003:580.597 JLINK_ReadMem(0x00000B40, 0x40 Bytes, ...)
T0AB0 003:580.664    -- Read from flash cache (64 bytes @ 0x00000B40)
T0AB0 003:580.689   Data:  00 E0 01 40 A8 0D 00 00 00 BE 70 47 08 B5 00 F0 ...
T0AB0 003:580.712 - 0.115ms returns 0
T0AB0 003:589.104 JLINK_ReadReg(XPSR)
T0AB0 003:589.164 - 0.060ms returns 0x01000000
T0AB0 003:590.822 JLINK_ReadMem(0x00000B40, 0x40 Bytes, ...)
T0AB0 003:590.903    -- Read from flash cache (64 bytes @ 0x00000B40)
T0AB0 003:590.928   Data:  00 E0 01 40 A8 0D 00 00 00 BE 70 47 08 B5 00 F0 ...
T0AB0 003:590.950 - 0.130ms returns 0
T0AB0 004:179.406 JLINK_GetNumBPUnits(Type = 0xFFFFFF00)
T0AB0 004:179.446 - 0.040ms returns 0x06
T0AB0 004:179.463 JLINK_GetNumWPUnits()
T0AB0 004:179.477 - 0.013ms returns 4
T0AB0 004:179.490 JLINK_GetNumWPUnits()
T0AB0 004:179.500 - 0.010ms returns 4
T0AB0 004:179.519 JLINK_GetNumBPUnits(Type = 0xFFFFFF00)
T0AB0 004:179.530 - 0.011ms returns 0x06
T0AB0 004:179.542 JLINK_GetNumWPUnits()
T0AB0 004:179.551 - 0.009ms returns 4
T0AB0 004:179.562 JLINK_GetNumWPUnits()
T0AB0 004:179.572 - 0.009ms returns 4
T0AB0 004:179.588 JLINK_GetNumBPUnits(Type = 0xFFFFFF00)
T0AB0 004:179.599 - 0.011ms returns 0x06
T0AB0 004:179.610 JLINK_GetNumWPUnits()
T0AB0 004:179.620 - 0.009ms returns 4
T0AB0 004:179.631 JLINK_GetNumWPUnits()
T0AB0 004:179.640 - 0.009ms returns 4
T0AB0 004:179.704 JLINK_SetBPEx(Addr = 0x00000598, Type = 0xFFFFFF00)
T0AB0 004:179.721 - 0.017ms returns 0x00000001
T0AB0 004:179.736 JLINK_ClrBPEx(BPHandle = 0x00000001)
T0AB0 004:180.176 - 0.439ms returns 0x00
T0AB0 004:196.546 JLINK_ReadMem(0x00000580, 0x40 Bytes, ...)
T0AB0 004:196.599    -- Read from flash cache (64 bytes @ 0x00000580)
T0AB0 004:196.617   Data:  70 47 03 49 03 48 00 F0 F7 B8 00 BF 00 C0 7E 40 ...
T0AB0 004:196.631 - 0.085ms returns 0
T0AB0 004:197.782 JLINK_SetBPEx(Addr = 0x00000598, Type = 0xFFFFFF00)
T0AB0 004:197.817 - 0.036ms returns 0x00000002
T0AB0 004:306.157 JLINK_ReadRegs(NumRegs = 20, Indexes: 0, 1, 2, 3, 4, 5, 6, 7, 8, 9, 10, 11, 12, 13, 14, 15, 16, 17, 18, 20)
T0AB0 004:306.232    -- R0=0x20000964, R1=0x40044400, R2=0x00, R3=0xFFFFFFFF, R4=0x20000964, R5=0x20000984, R6=0x20000984, R7=0x26E978D5, R8=0x147AE14, R9=0x28F5C28, R10=0x418937, R11=0x4F02E21C, R12=0x200008E8, R13 (SP)=0x20000488, R14=0xFFFFFFFF, R15 (PC)=0xB4C, XPSR=0x1000000, MSP=0x20000488, PSP=0xCB43E21C, CFBP=0x00
T0AB0 004:306.257 - 0.101ms returns 0x00
T0AB0 004:306.956 JLINK_ReadReg(XPSR)
T0AB0 004:307.016 - 0.059ms returns 0x01000000
T0AB0 004:308.293 JLINK_ReadMem(0x00000B40, 0x40 Bytes, ...)
T0AB0 004:308.354    -- Read from flash cache (64 bytes @ 0x00000B40)
T0AB0 004:308.383   Data:  00 E0 01 40 A8 0D 00 00 00 BE 70 47 08 B5 00 F0 ...
T0AB0 004:308.401 - 0.109ms returns 0
T2B14 004:341.883 JLINK_GetNumBPUnits(Type = 0xFFFFFF00)
T2B14 004:341.925 - 0.042ms returns 0x06
T2B14 004:341.942 JLINK_GetNumWPUnits()
T2B14 004:341.956 - 0.013ms returns 4
T2B14 004:341.971 JLINK_GetNumWPUnits()
T2B14 004:341.984 - 0.012ms returns 4
T2B14 004:342.317 JLINK_GetNumBPUnits(Type = 0xFFFFFF00)
T2B14 004:342.340 - 0.023ms returns 0x06
T2B14 004:342.355 JLINK_GetNumWPUnits()
T2B14 004:342.367 - 0.011ms returns 4
T2B14 004:342.381 JLINK_GetNumWPUnits()
T2B14 004:342.394 - 0.012ms returns 4
T2B14 004:342.988 JLINK_GetNumBPUnits(Type = 0xFFFFFF00)
T2B14 004:343.034 - 0.046ms returns 0x06
T2B14 004:343.091 JLINK_GetNumWPUnits()
T2B14 004:343.107 - 0.016ms returns 4
T2B14 004:343.123 JLINK_GetNumWPUnits()
T2B14 004:343.136 - 0.012ms returns 4
T2B14 004:343.947 JLINK_GetNumBPUnits(Type = 0xFFFFFF00)
T2B14 004:343.989 - 0.042ms returns 0x06
T2B14 004:344.009 JLINK_GetNumWPUnits()
T2B14 004:344.032 - 0.022ms returns 4
T2B14 004:344.045 JLINK_GetNumWPUnits()
T2B14 004:344.054 - 0.009ms returns 4
T2B14 004:345.051 JLINK_GetNumBPUnits(Type = 0xFFFFFF00)
T2B14 004:345.090 - 0.039ms returns 0x06
T2B14 004:345.108 JLINK_GetNumWPUnits()
T2B14 004:345.123 - 0.014ms returns 4
T2B14 004:345.139 JLINK_GetNumWPUnits()
T2B14 004:345.152 - 0.013ms returns 4
T2B14 004:345.954 JLINK_GetNumBPUnits(Type = 0xFFFFFF00)
T2B14 004:345.993 - 0.039ms returns 0x06
T2B14 004:346.012 JLINK_GetNumWPUnits()
T2B14 004:346.028 - 0.014ms returns 4
T2B14 004:346.044 JLINK_GetNumWPUnits()
T2B14 004:346.059 - 0.014ms returns 4
T2B14 004:346.458 JLINK_GetNumBPUnits(Type = 0xFFFFFF00)
T2B14 004:346.486 - 0.028ms returns 0x06
T2B14 004:346.503 JLINK_GetNumWPUnits()
T2B14 004:346.517 - 0.013ms returns 4
T2B14 004:346.533 JLINK_GetNumWPUnits()
T2B14 004:346.548 - 0.014ms returns 4
T2B14 004:346.873 JLINK_GetNumBPUnits(Type = 0xFFFFFF00)
T2B14 004:346.900 - 0.027ms returns 0x06
T2B14 004:346.916 JLINK_GetNumWPUnits()
T2B14 004:346.929 - 0.012ms returns 4
T2B14 004:346.943 JLINK_GetNumWPUnits()
T2B14 004:346.964 - 0.020ms returns 4
T0AB0 005:644.642 JLINK_ReadMem(0x00000B40, 0x40 Bytes, ...)
T0AB0 005:644.711    -- Read from flash cache (64 bytes @ 0x00000B40)
T0AB0 005:644.736   Data:  00 E0 01 40 A8 0D 00 00 00 BE 70 47 08 B5 00 F0 ...
T0AB0 005:644.765 - 0.123ms returns 0
T0AB0 005:674.955 JLINK_ReadReg(XPSR)
T0AB0 005:675.419 - 0.464ms returns 0x01000000
T0AB0 005:676.921 JLINK_ReadReg(XPSR)
T0AB0 005:676.978 - 0.056ms returns 0x01000000
T27EC 009:995.287 Looking for J-Link GUI Server exe at: C:\Users\conte\.eclipse\com.renesas.platform_15818172\DebugComp\RA\ARM\Segger_v7.98.7\JLinkGUIServer.exe
T27EC 009:995.558 Looking for J-Link GUI Server exe at: C:\Program Files\SEGGER\JLink_V810g\JLinkGUIServer.exe
T27EC 010:305.494 Failed to connect to J-Link GUI Server.
T0AB0 014:871.475 JLINK_STRACE_Read(..., NumItems = 0x10000)
T0AB0 014:871.632   Initializing trace type buffer with configured Coresight trace components (* indicates set/detected address):
T0AB0 014:871.672    *TF:   0xE0042000
T0AB0 014:871.722    *TMC:  0xE0043000
T0AB0 014:871.757     ETB:  0x00000000
T0AB0 014:871.792     MTB:  0x00000000
T0AB0 014:871.827    *TPIU: 0xE0040000
T0AB0 014:871.862    *ETM:  0xE0041000
T0AB0 014:871.896     STM:  0x00000000
T0AB0 014:871.930     PTM:  0x00000000
T0AB0 014:873.136 - 1.657ms NumItemsRead = 0x00
T0AB0 014:873.259 JLINK_IsHalted()
T0AB0 014:873.869 - 0.606ms returns TRUE
T0AB0 014:873.950 JLINK_STRACE_Read(..., NumItems = 0x10000)
T0AB0 014:873.994 - 0.043ms NumItemsRead = 0x00
T0AB0 014:874.048 JLINK_GoEx(MaxEmulInsts = 0, Flags = 0x01)
T0AB0 014:874.122   CPU_WriteMem(4 bytes @ 0xE0002000)
T0AB0 014:875.147   CPU_ReadMem(4 bytes @ 0xE0001000)
T0AB0 014:875.899   CPU_WriteMem(4 bytes @ 0xE0002008)
T0AB0 014:875.987   CPU_WriteMem(4 bytes @ 0xE000200C)
T0AB0 014:876.050   CPU_WriteMem(4 bytes @ 0xE0002010)
T0AB0 014:876.141   CPU_WriteMem(4 bytes @ 0xE0002014)
T0AB0 014:876.203   CPU_WriteMem(4 bytes @ 0xE0002018)
T0AB0 014:876.264   CPU_WriteMem(4 bytes @ 0xE000201C)
T0AB0 014:878.651   CPU_WriteMem(4 bytes @ 0xE0001004)
T0AB0 014:880.222   Memory map 'after startup completion point' is active
T0AB0 014:880.288 - 6.241ms
T0AB0 014:986.717 JLINK_IsHalted()
T0AB0 014:989.835 - 3.117ms returns TRUE
T0AB0 014:989.878 JLINK_ReadReg(XPSR)
T0AB0 014:989.896 - 0.016ms returns 0x61000000
T0AB0 014:989.909 JLINK_ReadReg(R15 (PC))
T0AB0 014:989.920 - 0.011ms returns 0x00000598
T0AB0 014:989.938 JLINK_ReadReg(XPSR)
T0AB0 014:989.949 - 0.011ms returns 0x61000000
T0AB0 014:989.962 JLINK_ReadReg(XPSR)
T0AB0 014:989.971 - 0.010ms returns 0x61000000
T0AB0 014:989.982 JLINK_ReadReg(R15 (PC))
T0AB0 014:989.994 - 0.009ms returns 0x00000598
T0AB0 014:990.005 JLINK_ReadReg(XPSR)
T0AB0 014:990.016 - 0.009ms returns 0x61000000
T0AB0 014:990.027 JLINK_ReadReg(XPSR)
T0AB0 014:990.037 - 0.009ms returns 0x61000000
T0AB0 014:990.048 JLINK_ReadMem(0x00000598, 0x1 Bytes, ...)
T0AB0 014:990.061    -- Read from flash cache (1 bytes @ 0x00000598)
T0AB0 014:990.075   Data:  08
T0AB0 014:990.088 - 0.039ms returns 0
T0AB0 014:990.099 JLINK_IsHalted()
T0AB0 014:990.109 - 0.009ms returns TRUE
T0AB0 014:990.120 JLINK_ReadReg(XPSR)
T0AB0 014:990.130 - 0.009ms returns 0x61000000
T0AB0 014:990.139 JLINK_ReadReg(XPSR)
T0AB0 014:990.149 - 0.008ms returns 0x61000000
T0AB0 014:990.160 JLINK_ReadReg(R15 (PC))
T0AB0 014:990.168 - 0.009ms returns 0x00000598
T0AB0 014:990.179 JLINK_ReadReg(XPSR)
T0AB0 014:990.189 - 0.009ms returns 0x61000000
T0AB0 014:990.200 JLINK_ReadReg(XPSR)
T0AB0 014:990.210 - 0.008ms returns 0x61000000
T0AB0 014:990.221 JLINK_ReadMem(0x00000598, 0x1 Bytes, ...)
T0AB0 014:990.229    -- Read from flash cache (1 bytes @ 0x00000598)
T0AB0 014:990.242   Data:  08
T0AB0 014:990.254 - 0.034ms returns 0
T0AB0 014:990.336 JLINK_IsHalted()
T0AB0 014:990.350 - 0.013ms returns TRUE
T0AB0 014:990.362 JLINK_ReadReg(XPSR)
T0AB0 014:990.371 - 0.009ms returns 0x61000000
T0AB0 014:990.382 JLINK_ReadReg(R15 (PC))
T0AB0 014:990.392 - 0.008ms returns 0x00000598
T0AB0 014:990.403 JLINK_ReadReg(XPSR)
T0AB0 014:990.413 - 0.009ms returns 0x61000000
T0AB0 014:990.422 JLINK_ReadReg(XPSR)
T0AB0 014:990.432 - 0.009ms returns 0x61000000
T0AB0 014:990.443 JLINK_ReadReg(R15 (PC))
T0AB0 014:990.453 - 0.009ms returns 0x00000598
T0AB0 014:990.464 JLINK_ReadReg(XPSR)
T0AB0 014:990.472 - 0.009ms returns 0x61000000
T0AB0 014:990.483 JLINK_ReadReg(XPSR)
T0AB0 014:990.493 - 0.008ms returns 0x61000000
T0AB0 014:990.504 JLINK_ReadMem(0x00000598, 0x1 Bytes, ...)
T0AB0 014:990.514    -- Read from flash cache (1 bytes @ 0x00000598)
T0AB0 014:990.526   Data:  08
T0AB0 014:990.539 - 0.035ms returns 0
T0AB0 014:990.550 JLINK_IsHalted()
T0AB0 014:990.558 - 0.008ms returns TRUE
T0AB0 014:990.570 JLINK_ReadReg(XPSR)
T0AB0 014:990.579 - 0.009ms returns 0x61000000
T0AB0 014:990.589 JLINK_ReadReg(XPSR)
T0AB0 014:990.598 - 0.009ms returns 0x61000000
T0AB0 014:990.610 JLINK_ReadReg(R15 (PC))
T0AB0 014:990.619 - 0.009ms returns 0x00000598
T0AB0 014:990.630 JLINK_ReadReg(XPSR)
T0AB0 014:990.646 - 0.014ms returns 0x61000000
T0AB0 014:990.670 JLINK_ReadReg(XPSR)
T0AB0 014:990.693 - 0.021ms returns 0x61000000
T0AB0 014:990.704 JLINK_ReadMem(0x00000598, 0x1 Bytes, ...)
T0AB0 014:990.715    -- Read from flash cache (1 bytes @ 0x00000598)
T0AB0 014:990.728   Data:  08
T0AB0 014:990.741 - 0.036ms returns 0
T0AB0 014:991.456 JLINK_ReadRegs(NumRegs = 20, Indexes: 0, 1, 2, 3, 4, 5, 6, 7, 8, 9, 10, 11, 12, 13, 14, 15, 16, 17, 18, 20)
T0AB0 014:991.504    -- R0=0x00, R1=0x00, R2=0xDA7, R3=0xDF, R4=0x20000964, R5=0x20000984, R6=0x20000984, R7=0x26E978D5, R8=0x147AE14, R9=0x28F5C28, R10=0x418937, R11=0x4F02E21C, R12=0xDA7, R13 (SP)=0x20000480, R14=0xB57, R15 (PC)=0x598, XPSR=0x61000000, MSP=0x20000480, PSP=0xCB43E21C, CFBP=0x00
T0AB0 014:991.518 - 0.066ms returns 0x00
T0AB0 014:992.738 JLINK_ReadReg(XPSR)
T0AB0 014:992.794 - 0.055ms returns 0x61000000
T0AB0 014:993.950 JLINK_ReadMem(0x00000580, 0x40 Bytes, ...)
T0AB0 014:993.997    -- Read from flash cache (64 bytes @ 0x00000580)
T0AB0 014:994.021   Data:  70 47 03 49 03 48 00 F0 F7 B8 00 BF 00 C0 7E 40 ...
T0AB0 014:994.040 - 0.089ms returns 0
T0AB0 014:997.520 JLINK_ClrBPEx(BPHandle = 0x00000002)
T0AB0 014:997.573 - 0.053ms returns 0x00
T0AB0 015:043.115 JLINK_ReadMem(0x00000580, 0x40 Bytes, ...)
T0AB0 015:043.171    -- Read from flash cache (64 bytes @ 0x00000580)
T0AB0 015:043.187   Data:  70 47 03 49 03 48 00 F0 F7 B8 00 BF 00 C0 7E 40 ...
T0AB0 015:043.200 - 0.086ms returns 0
T0AB0 015:089.645 JLINK_ReadReg(XPSR)
T0AB0 015:089.688 - 0.041ms returns 0x61000000
T0AB0 015:092.278 JLINK_ReadReg(XPSR)
T0AB0 015:092.322 - 0.042ms returns 0x61000000
T2B14 015:998.566 JLINK_IsHalted()
T2B14 015:999.245 - 0.677ms returns TRUE
T2B14 015:999.334 JLINK_ReadReg(XPSR)
T2B14 015:999.373 - 0.037ms returns 0x61000000
T2B14 015:999.406 JLINK_ReadReg(R15 (PC))
T2B14 015:999.434 - 0.027ms returns 0x00000598
T2B14 015:999.470 JLINK_ReadReg(XPSR)
T2B14 015:999.499 - 0.027ms returns 0x61000000
T2B14 015:999.530 JLINK_ReadReg(XPSR)
T2B14 015:999.557 - 0.025ms returns 0x61000000
T2B14 015:999.587 JLINK_ReadReg(R15 (PC))
T2B14 015:999.613 - 0.025ms returns 0x00000598
T2B14 015:999.646 JLINK_ReadReg(XPSR)
T2B14 015:999.674 - 0.026ms returns 0x61000000
T2B14 015:999.704 JLINK_ReadReg(XPSR)
T2B14 015:999.730 - 0.025ms returns 0x61000000
T2B14 015:999.765 JLINK_ReadMem(0x00000598, 0x1 Bytes, ...)
T2B14 015:999.798    -- Read from flash cache (1 bytes @ 0x00000598)
T2B14 015:999.835   Data:  08
T2B14 015:999.874 - 0.109ms returns 0
T2B14 015:999.906 JLINK_IsHalted()
T2B14 015:999.933 - 0.025ms returns TRUE
T2B14 015:999.963 JLINK_ReadReg(XPSR)
T2B14 015:999.990 - 0.025ms returns 0x61000000
T2B14 016:000.021 JLINK_ReadReg(XPSR)
T2B14 016:000.046 - 0.025ms returns 0x61000000
T2B14 016:000.093 JLINK_ReadReg(R15 (PC))
T2B14 016:000.160 - 0.066ms returns 0x00000598
T2B14 016:000.214 JLINK_ReadReg(XPSR)
T2B14 016:000.278 - 0.062ms returns 0x61000000
T2B14 016:000.317 JLINK_ReadReg(XPSR)
T2B14 016:000.342 - 0.026ms returns 0x61000000
T2B14 016:000.376 JLINK_ReadMem(0x00000598, 0x1 Bytes, ...)
T2B14 016:000.405    -- Read from flash cache (1 bytes @ 0x00000598)
T2B14 016:000.442   Data:  08
T2B14 016:000.478 - 0.102ms returns 0
T2B14 016:003.030 JLINK_WriteMem(0xE0001FB0, 0x4 Bytes, ...)
T2B14 016:003.085   Data:  55 CE AC C5
T2B14 016:004.008   CPU_WriteMem(4 bytes @ 0xE0001FB0)
T2B14 016:004.896 - 1.865ms returns 0x4
T2B14 016:006.643 JLINK_WriteMem(0xE0001000, 0x4 Bytes, ...)
T2B14 016:006.688   Data:  01 00 00 48
T2B14 016:006.728   Debug reg: DWT_CTRL
T2B14 016:006.786   CPU_WriteMem(4 bytes @ 0xE0001000)
T2B14 016:007.462 - 0.820ms returns 0x4
T2B14 016:008.962 JLINK_ReadMem(0xE0001000, 0x4 Bytes, ...)
T2B14 016:009.011   CPU_ReadMem(4 bytes @ 0xE0001000)
T2B14 016:009.750   Data:  01 00 00 40
T2B14 016:009.830   Debug reg: DWT_CTRL
T2B14 016:009.870 - 0.909ms returns 0
T2B14 016:011.387 JLINK_WriteMem(0xE0001004, 0x4 Bytes, ...)
T2B14 016:011.422   Data:  00 00 00 00
T2B14 016:011.462   Debug reg: DWT_CYCCNT
T2B14 016:011.525 - 0.139ms returns 0x4
T2B14 016:013.046 JLINK_ReadMem(0xE0001004, 0x4 Bytes, ...)
T2B14 016:013.136   Data:  00 00 00 00
T2B14 016:013.206   Debug reg: DWT_CYCCNT
T2B14 016:013.278 - 0.233ms returns 0
T0AB0 017:297.868 JLINK_STRACE_Read(..., NumItems = 0x10000)
T0AB0 017:297.952 - 0.085ms NumItemsRead = 0x00
T0AB0 017:299.950 JLINK_ReadMem(0xE0001004, 0x4 Bytes, ...)
T0AB0 017:300.068   Data:  00 00 00 00
T0AB0 017:300.128   Debug reg: DWT_CYCCNT
T0AB0 017:300.182 - 0.234ms returns 0
T0AB0 017:300.236 JLINK_IsHalted()
T0AB0 017:300.874 - 0.633ms returns TRUE
T0AB0 017:300.964 JLINK_STRACE_Read(..., NumItems = 0x10000)
T0AB0 017:301.012 - 0.048ms NumItemsRead = 0x00
T0AB0 017:303.360 JLINK_ReadMem(0xE0001004, 0x4 Bytes, ...)
T0AB0 017:303.450   Data:  00 00 00 00
T0AB0 017:303.490   Debug reg: DWT_CYCCNT
T0AB0 017:303.732 - 0.372ms returns 0
T0AB0 017:303.770 JLINK_GoEx(MaxEmulInsts = 0, Flags = 0x01)
T0AB0 017:303.832   CPU_ReadMem(4 bytes @ 0xE0001000)
T0AB0 017:304.480   CPU_WriteMem(4 bytes @ 0xE0002008)
T0AB0 017:305.218   CPU_WriteMem(4 bytes @ 0xE0001004)
T0AB0 017:306.866 - 3.095ms
T0AB0 017:408.522 JLINK_IsHalted()
T0AB0 017:409.182 - 0.659ms returns FALSE
T0AB0 017:409.232 JLINK_IsHalted()
T0AB0 017:409.802 - 0.567ms returns FALSE
T0AB0 017:518.464 JLINK_IsHalted()
T0AB0 017:519.340 - 0.871ms returns FALSE
T0AB0 017:519.504 JLINK_IsHalted()
T0AB0 017:520.268 - 0.760ms returns FALSE
T0AB0 017:627.428 JLINK_IsHalted()
T0AB0 017:628.268 - 0.837ms returns FALSE
T0AB0 017:628.358 JLINK_IsHalted()
T0AB0 017:629.106 - 0.743ms returns FALSE
T0AB0 017:737.366 JLINK_IsHalted()
T0AB0 017:738.200 - 0.831ms returns FALSE
T0AB0 017:738.300 JLINK_IsHalted()
T0AB0 017:739.062 - 0.761ms returns FALSE
T0AB0 017:846.220 JLINK_IsHalted()
T0AB0 017:846.980 - 0.756ms returns FALSE
T0AB0 017:847.094 JLINK_IsHalted()
T0AB0 017:847.844 - 0.747ms returns FALSE
T0AB0 017:956.150 JLINK_IsHalted()
T0AB0 017:956.964 - 0.810ms returns FALSE
T0AB0 017:957.060 JLINK_IsHalted()
T0AB0 017:957.814 - 0.752ms returns FALSE
T0AB0 018:065.168 JLINK_IsHalted()
T0AB0 018:065.998 - 0.828ms returns FALSE
T0AB0 018:066.100 JLINK_IsHalted()
T0AB0 018:066.852 - 0.750ms returns FALSE
T0AB0 018:174.118 JLINK_IsHalted()
T0AB0 018:174.966 - 0.844ms returns FALSE
T0AB0 018:175.064 JLINK_IsHalted()
T0AB0 018:175.866 - 0.798ms returns FALSE
T0AB0 018:284.056 JLINK_IsHalted()
T0AB0 018:284.902 - 0.842ms returns FALSE
T0AB0 018:285.044 JLINK_IsHalted()
T0AB0 018:285.830 - 0.782ms returns FALSE
T2B14 018:303.484 JLINK_IsHalted()
T2B14 018:304.182 - 0.696ms returns FALSE
T2B14 018:304.244 JLINK_IsHalted()
T2B14 018:305.052 - 0.801ms returns FALSE
T0AB0 018:393.090 JLINK_IsHalted()
T0AB0 018:393.876 - 0.781ms returns FALSE
T0AB0 018:393.970 JLINK_IsHalted()
T0AB0 018:394.796 - 0.822ms returns FALSE
T0AB0 018:503.116 JLINK_IsHalted()
T0AB0 018:503.798 - 0.679ms returns FALSE
T0AB0 018:503.876 JLINK_IsHalted()
T0AB0 018:504.446 - 0.567ms returns FALSE
T0AB0 018:611.864 JLINK_IsHalted()
T0AB0 018:612.744 - 0.878ms returns FALSE
T0AB0 018:612.844 JLINK_IsHalted()
T0AB0 018:613.604 - 0.755ms returns FALSE
T0AB0 018:721.804 JLINK_IsHalted()
T0AB0 018:722.646 - 0.840ms returns FALSE
T0AB0 018:722.736 JLINK_IsHalted()
T0AB0 018:723.478 - 0.738ms returns FALSE
T0AB0 018:830.734 JLINK_IsHalted()
T0AB0 018:831.524 - 0.787ms returns FALSE
T0AB0 018:831.622 JLINK_IsHalted()
T0AB0 018:832.384 - 0.756ms returns FALSE
T0AB0 018:940.678 JLINK_IsHalted()
T0AB0 018:941.514 - 0.833ms returns FALSE
T0AB0 018:941.612 JLINK_IsHalted()
T0AB0 018:942.356 - 0.741ms returns FALSE
T0AB0 019:049.510 JLINK_IsHalted()
T0AB0 019:050.240 - 0.727ms returns FALSE
T0AB0 019:050.302 JLINK_IsHalted()
T0AB0 019:051.022 - 0.715ms returns FALSE
T0AB0 019:158.554 JLINK_IsHalted()
T0AB0 019:159.392 - 0.835ms returns FALSE
T0AB0 019:159.488 JLINK_IsHalted()
T0AB0 019:160.232 - 0.740ms returns FALSE
T0AB0 019:268.554 JLINK_IsHalted()
T0AB0 019:269.386 - 0.829ms returns FALSE
T0AB0 019:269.484 JLINK_IsHalted()
T0AB0 019:270.288 - 0.797ms returns FALSE
T2B14 019:305.890 JLINK_IsHalted()
T2B14 019:306.628 - 0.738ms returns FALSE
T2B14 019:306.692 JLINK_IsHalted()
T2B14 019:307.442 - 0.743ms returns FALSE
T0AB0 019:377.428 JLINK_IsHalted()
T0AB0 019:378.238 - 0.807ms returns FALSE
T0AB0 019:378.340 JLINK_IsHalted()
T0AB0 019:379.104 - 0.761ms returns FALSE
T0AB0 019:487.254 JLINK_IsHalted()
T0AB0 019:488.056 - 0.800ms returns FALSE
T0AB0 019:488.168 JLINK_IsHalted()
T0AB0 019:488.908 - 0.737ms returns FALSE
T0AB0 019:596.230 JLINK_IsHalted()
T0AB0 019:597.036 - 0.803ms returns FALSE
T0AB0 019:597.150 JLINK_IsHalted()
T0AB0 019:597.910 - 0.756ms returns FALSE
T0AB0 019:706.212 JLINK_IsHalted()
T0AB0 019:707.058 - 0.843ms returns FALSE
T0AB0 019:707.166 JLINK_IsHalted()
T0AB0 019:707.908 - 0.738ms returns FALSE
T0AB0 019:815.178 JLINK_IsHalted()
T0AB0 019:816.016 - 0.836ms returns FALSE
T0AB0 019:816.116 JLINK_IsHalted()
T0AB0 019:816.820 - 0.698ms returns FALSE
T0AB0 019:924.234 JLINK_IsHalted()
T0AB0 019:925.066 - 0.830ms returns FALSE
T0AB0 019:925.164 JLINK_IsHalted()
T0AB0 019:925.936 - 0.766ms returns FALSE
T0AB0 020:034.080 JLINK_IsHalted()
T0AB0 020:034.964 - 0.882ms returns FALSE
T0AB0 020:035.066 JLINK_IsHalted()
T0AB0 020:035.894 - 0.820ms returns FALSE
T0AB0 020:142.988 JLINK_IsHalted()
T0AB0 020:143.842 - 0.847ms returns FALSE
T0AB0 020:143.980 JLINK_IsHalted()
T0AB0 020:144.740 - 0.756ms returns FALSE
T0AB0 020:252.998 JLINK_IsHalted()
T0AB0 020:253.810 - 0.802ms returns FALSE
T0AB0 020:253.928 JLINK_IsHalted()
T0AB0 020:254.740 - 0.807ms returns FALSE
T2B14 020:308.374 JLINK_IsHalted()
T2B14 020:309.142 - 0.765ms returns FALSE
T2B14 020:309.248 JLINK_IsHalted()
T2B14 020:309.926 - 0.676ms returns FALSE
T0AB0 020:361.892 JLINK_IsHalted()
T0AB0 020:362.792 - 0.897ms returns FALSE
T0AB0 020:362.898 JLINK_IsHalted()
T0AB0 020:363.754 - 0.853ms returns FALSE
T0AB0 020:471.836 JLINK_IsHalted()
T0AB0 020:472.734 - 0.897ms returns FALSE
T0AB0 020:472.834 JLINK_IsHalted()
T0AB0 020:473.610 - 0.773ms returns FALSE
T0AB0 020:580.790 JLINK_IsHalted()
T0AB0 020:581.656 - 0.864ms returns FALSE
T0AB0 020:581.754 JLINK_IsHalted()
T0AB0 020:582.518 - 0.761ms returns FALSE
T0AB0 020:690.700 JLINK_IsHalted()
T0AB0 020:691.516 - 0.815ms returns FALSE
T0AB0 020:691.628 JLINK_IsHalted()
T0AB0 020:692.354 - 0.722ms returns FALSE
T0AB0 020:799.596 JLINK_IsHalted()
T0AB0 020:800.436 - 0.838ms returns FALSE
T0AB0 020:800.538 JLINK_IsHalted()
T0AB0 020:801.284 - 0.743ms returns FALSE
T0AB0 020:908.520 JLINK_IsHalted()
T0AB0 020:909.402 - 0.872ms returns FALSE
T0AB0 020:909.584 JLINK_IsHalted()
T0AB0 020:910.270 - 0.684ms returns FALSE
T0AB0 021:018.488 JLINK_IsHalted()
T0AB0 021:019.324 - 0.834ms returns FALSE
T0AB0 021:019.422 JLINK_IsHalted()
T0AB0 021:020.186 - 0.761ms returns FALSE
T0AB0 021:127.436 JLINK_IsHalted()
T0AB0 021:128.262 - 0.821ms returns FALSE
T0AB0 021:128.380 JLINK_IsHalted()
T0AB0 021:129.132 - 0.747ms returns FALSE
T0AB0 021:237.376 JLINK_IsHalted()
T0AB0 021:238.196 - 0.818ms returns FALSE
T0AB0 021:238.298 JLINK_IsHalted()
T0AB0 021:239.060 - 0.760ms returns FALSE
T2B14 021:310.712 JLINK_IsHalted()
T2B14 021:311.364 - 0.650ms returns FALSE
T2B14 021:311.426 JLINK_IsHalted()
T2B14 021:312.122 - 0.692ms returns FALSE
T0AB0 021:346.300 JLINK_IsHalted()
T0AB0 021:347.114 - 0.810ms returns FALSE
T0AB0 021:347.212 JLINK_IsHalted()
T0AB0 021:348.012 - 0.796ms returns FALSE
T0AB0 021:456.240 JLINK_IsHalted()
T0AB0 021:457.076 - 0.832ms returns FALSE
T0AB0 021:457.176 JLINK_IsHalted()
T0AB0 021:457.996 - 0.817ms returns FALSE
T0AB0 021:565.154 JLINK_IsHalted()
T0AB0 021:566.022 - 0.866ms returns FALSE
T0AB0 021:566.122 JLINK_IsHalted()
T0AB0 021:566.884 - 0.758ms returns FALSE
T0AB0 021:675.002 JLINK_IsHalted()
T0AB0 021:675.816 - 0.812ms returns FALSE
T0AB0 021:675.972 JLINK_IsHalted()
T0AB0 021:676.732 - 0.757ms returns FALSE
T0AB0 021:784.050 JLINK_IsHalted()
T0AB0 021:784.862 - 0.811ms returns FALSE
T0AB0 021:784.958 JLINK_IsHalted()
T0AB0 021:785.730 - 0.768ms returns FALSE
T0AB0 021:893.060 JLINK_IsHalted()
T0AB0 021:893.856 - 0.794ms returns FALSE
T0AB0 021:893.962 JLINK_IsHalted()
T0AB0 021:894.764 - 0.798ms returns FALSE
T0AB0 022:002.992 JLINK_IsHalted()
T0AB0 022:003.786 - 0.789ms returns FALSE
T0AB0 022:003.890 JLINK_IsHalted()
T0AB0 022:004.742 - 0.849ms returns FALSE
T0AB0 022:111.868 JLINK_IsHalted()
T0AB0 022:112.796 - 0.926ms returns FALSE
T0AB0 022:112.900 JLINK_IsHalted()
T0AB0 022:113.718 - 0.815ms returns FALSE
T0AB0 022:221.866 JLINK_IsHalted()
T0AB0 022:222.702 - 0.834ms returns FALSE
T0AB0 022:222.804 JLINK_IsHalted()
T0AB0 022:223.558 - 0.751ms returns FALSE
T2B14 022:313.130 JLINK_IsHalted()
T2B14 022:313.780 - 0.649ms returns FALSE
T2B14 022:313.842 JLINK_IsHalted()
T2B14 022:314.550 - 0.695ms returns FALSE
T0AB0 022:330.708 JLINK_IsHalted()
T0AB0 022:331.528 - 0.817ms returns FALSE
T0AB0 022:331.668 JLINK_IsHalted()
T0AB0 022:332.438 - 0.766ms returns FALSE
T0AB0 022:440.676 JLINK_IsHalted()
T0AB0 022:441.492 - 0.812ms returns FALSE
T0AB0 022:441.588 JLINK_IsHalted()
T0AB0 022:442.354 - 0.760ms returns FALSE
T0AB0 022:549.644 JLINK_IsHalted()
T0AB0 022:550.476 - 0.828ms returns FALSE
T0AB0 022:550.578 JLINK_IsHalted()
T0AB0 022:551.370 - 0.788ms returns FALSE
T0AB0 022:658.606 JLINK_IsHalted()
T0AB0 022:659.468 - 0.860ms returns FALSE
T0AB0 022:659.578 JLINK_IsHalted()
T0AB0 022:660.400 - 0.815ms returns FALSE
T0AB0 022:768.558 JLINK_IsHalted()
T0AB0 022:769.364 - 0.803ms returns FALSE
T0AB0 022:769.464 JLINK_IsHalted()
T0AB0 022:770.244 - 0.777ms returns FALSE
T0AB0 022:877.348 JLINK_IsHalted()
T0AB0 022:878.090 - 0.741ms returns FALSE
T0AB0 022:878.164 JLINK_IsHalted()
T0AB0 022:878.842 - 0.673ms returns FALSE
T0AB0 022:987.280 JLINK_IsHalted()
T0AB0 022:988.374 - 1.091ms returns FALSE
T0AB0 022:988.428 JLINK_IsHalted()
T0AB0 022:988.946 - 0.514ms returns FALSE
T0AB0 023:096.270 JLINK_IsHalted()
T0AB0 023:096.996 - 0.724ms returns FALSE
T0AB0 023:097.072 JLINK_IsHalted()
T0AB0 023:097.716 - 0.641ms returns FALSE
T0AB0 023:206.228 JLINK_IsHalted()
T0AB0 023:206.996 - 0.768ms returns FALSE
T0AB0 023:207.060 JLINK_IsHalted()
T0AB0 023:207.748 - 0.684ms returns FALSE
T0AB0 023:315.158 JLINK_IsHalted()
T0AB0 023:315.870 - 0.711ms returns FALSE
T0AB0 023:315.954 JLINK_IsHalted()
T0AB0 023:316.718 - 0.763ms returns FALSE
T2B14 023:316.902 JLINK_IsHalted()
T2B14 023:317.542 - 0.637ms returns FALSE
T2B14 023:317.614 JLINK_IsHalted()
T2B14 023:318.156 - 0.538ms returns FALSE
T0AB0 023:424.090 JLINK_IsHalted()
T0AB0 023:424.676 - 0.584ms returns FALSE
T0AB0 023:424.732 JLINK_IsHalted()
T0AB0 023:425.322 - 0.587ms returns FALSE
T0AB0 023:534.010 JLINK_IsHalted()
T0AB0 023:534.744 - 0.731ms returns FALSE
T0AB0 023:534.814 JLINK_IsHalted()
T0AB0 023:535.494 - 0.677ms returns FALSE
T0AB0 023:642.900 JLINK_IsHalted()
T0AB0 023:643.624 - 0.722ms returns FALSE
T0AB0 023:643.694 JLINK_IsHalted()
T0AB0 023:644.358 - 0.661ms returns FALSE
T0AB0 023:752.920 JLINK_IsHalted()
T0AB0 023:753.624 - 0.702ms returns FALSE
T0AB0 023:753.694 JLINK_IsHalted()
T0AB0 023:754.372 - 0.674ms returns FALSE
T0AB0 023:861.782 JLINK_IsHalted()
T0AB0 023:862.500 - 0.715ms returns FALSE
T0AB0 023:862.570 JLINK_IsHalted()
T0AB0 023:863.276 - 0.704ms returns FALSE
T0AB0 023:971.786 JLINK_IsHalted()
T0AB0 023:972.512 - 0.724ms returns FALSE
T0AB0 023:972.582 JLINK_IsHalted()
T0AB0 023:973.244 - 0.660ms returns FALSE
T0AB0 024:080.652 JLINK_IsHalted()
T0AB0 024:081.374 - 0.719ms returns FALSE
T0AB0 024:081.444 JLINK_IsHalted()
T0AB0 024:082.082 - 0.633ms returns FALSE
T0AB0 024:190.588 JLINK_IsHalted()
T0AB0 024:191.312 - 0.722ms returns FALSE
T0AB0 024:191.380 JLINK_IsHalted()
T0AB0 024:192.052 - 0.669ms returns FALSE
T0AB0 024:299.580 JLINK_IsHalted()
T0AB0 024:300.300 - 0.718ms returns FALSE
T0AB0 024:300.382 JLINK_IsHalted()
T0AB0 024:301.052 - 0.667ms returns FALSE
T2B14 024:318.836 JLINK_IsHalted()
T2B14 024:319.464 - 0.625ms returns FALSE
T2B14 024:319.536 JLINK_IsHalted()
T2B14 024:320.168 - 0.630ms returns FALSE
T0AB0 024:408.462 JLINK_IsHalted()
T0AB0 024:409.186 - 0.721ms returns FALSE
T0AB0 024:409.256 JLINK_IsHalted()
T0AB0 024:409.926 - 0.667ms returns FALSE
T0AB0 024:518.442 JLINK_IsHalted()
T0AB0 024:519.176 - 0.732ms returns FALSE
T0AB0 024:519.252 JLINK_IsHalted()
T0AB0 024:519.924 - 0.671ms returns FALSE
T0AB0 024:627.392 JLINK_IsHalted()
T0AB0 024:628.124 - 0.728ms returns FALSE
T0AB0 024:628.206 JLINK_IsHalted()
T0AB0 024:628.924 - 0.714ms returns FALSE
T0AB0 024:737.348 JLINK_IsHalted()
T0AB0 024:738.098 - 0.741ms returns FALSE
T0AB0 024:738.164 JLINK_IsHalted()
T0AB0 024:738.842 - 0.674ms returns FALSE
T0AB0 024:846.214 JLINK_IsHalted()
T0AB0 024:846.936 - 0.719ms returns FALSE
T0AB0 024:847.006 JLINK_IsHalted()
T0AB0 024:847.674 - 0.666ms returns FALSE
T0AB0 024:956.238 JLINK_IsHalted()
T0AB0 024:956.996 - 0.756ms returns FALSE
T0AB0 024:957.060 JLINK_IsHalted()
T0AB0 024:957.744 - 0.681ms returns FALSE
T0AB0 025:065.198 JLINK_IsHalted()
T0AB0 025:065.988 - 0.785ms returns FALSE
T0AB0 025:066.082 JLINK_IsHalted()
T0AB0 025:066.746 - 0.661ms returns FALSE
T0AB0 025:174.100 JLINK_IsHalted()
T0AB0 025:174.820 - 0.717ms returns FALSE
T0AB0 025:174.916 JLINK_IsHalted()
T0AB0 025:175.612 - 0.693ms returns FALSE
T0AB0 025:284.044 JLINK_IsHalted()
T0AB0 025:284.732 - 0.687ms returns FALSE
T0AB0 025:284.806 JLINK_IsHalted()
T0AB0 025:285.494 - 0.686ms returns FALSE
T2B14 025:321.218 JLINK_IsHalted()
T2B14 025:321.902 - 0.681ms returns FALSE
T2B14 025:322.020 JLINK_IsHalted()
T2B14 025:322.696 - 0.673ms returns FALSE
T0AB0 025:392.954 JLINK_IsHalted()
T0AB0 025:393.730 - 0.763ms returns FALSE
T0AB0 025:393.832 JLINK_IsHalted()
T0AB0 025:394.496 - 0.660ms returns FALSE
T0AB0 025:502.888 JLINK_IsHalted()
T0AB0 025:503.618 - 0.728ms returns FALSE
T0AB0 025:503.706 JLINK_IsHalted()
T0AB0 025:504.400 - 0.693ms returns FALSE
T0AB0 025:611.824 JLINK_IsHalted()
T0AB0 025:612.556 - 0.729ms returns FALSE
T0AB0 025:612.628 JLINK_IsHalted()
T0AB0 025:613.302 - 0.671ms returns FALSE
T0AB0 025:721.762 JLINK_IsHalted()
T0AB0 025:722.496 - 0.732ms returns FALSE
T0AB0 025:722.564 JLINK_IsHalted()
T0AB0 025:723.242 - 0.674ms returns FALSE
T0AB0 025:830.668 JLINK_IsHalted()
T0AB0 025:831.380 - 0.712ms returns FALSE
T0AB0 025:831.452 JLINK_IsHalted()
T0AB0 025:832.080 - 0.626ms returns FALSE
T0AB0 025:940.702 JLINK_IsHalted()
T0AB0 025:941.428 - 0.723ms returns FALSE
T0AB0 025:941.490 JLINK_IsHalted()
T0AB0 025:942.178 - 0.684ms returns FALSE
T0AB0 026:049.522 JLINK_IsHalted()
T0AB0 026:050.246 - 0.722ms returns FALSE
T0AB0 026:050.316 JLINK_IsHalted()
T0AB0 026:051.022 - 0.705ms returns FALSE
T0AB0 026:158.460 JLINK_IsHalted()
T0AB0 026:159.188 - 0.724ms returns FALSE
T0AB0 026:159.258 JLINK_IsHalted()
T0AB0 026:159.932 - 0.671ms returns FALSE
T0AB0 026:268.454 JLINK_IsHalted()
T0AB0 026:269.178 - 0.721ms returns FALSE
T0AB0 026:269.252 JLINK_IsHalted()
T0AB0 026:269.924 - 0.670ms returns FALSE
T2B14 026:323.664 JLINK_IsHalted()
T2B14 026:324.390 - 0.722ms returns FALSE
T2B14 026:325.290 JLINK_IsHalted()
T2B14 026:325.948 - 0.657ms returns FALSE
T0AB0 026:377.336 JLINK_IsHalted()
T0AB0 026:378.058 - 0.720ms returns FALSE
T0AB0 026:378.130 JLINK_IsHalted()
T0AB0 026:378.842 - 0.709ms returns FALSE
T0AB0 026:487.318 JLINK_IsHalted()
T0AB0 026:488.052 - 0.732ms returns FALSE
T0AB0 026:488.126 JLINK_IsHalted()
T0AB0 026:488.800 - 0.671ms returns FALSE
T0AB0 026:596.352 JLINK_IsHalted()
T0AB0 026:597.060 - 0.706ms returns FALSE
T0AB0 026:597.126 JLINK_IsHalted()
T0AB0 026:597.800 - 0.671ms returns FALSE
T0AB0 026:706.196 JLINK_IsHalted()
T0AB0 026:706.924 - 0.729ms returns FALSE
T0AB0 026:707.004 JLINK_IsHalted()
T0AB0 026:707.716 - 0.711ms returns FALSE
T0AB0 026:815.086 JLINK_IsHalted()
T0AB0 026:815.808 - 0.720ms returns FALSE
T0AB0 026:815.878 JLINK_IsHalted()
T0AB0 026:816.594 - 0.712ms returns FALSE
T0AB0 026:924.026 JLINK_IsHalted()
T0AB0 026:924.748 - 0.722ms returns FALSE
T0AB0 026:924.822 JLINK_IsHalted()
T0AB0 026:925.484 - 0.660ms returns FALSE
T0AB0 027:034.004 JLINK_IsHalted()
T0AB0 027:034.732 - 0.728ms returns FALSE
T0AB0 027:034.848 JLINK_IsHalted()
T0AB0 027:035.548 - 0.700ms returns FALSE
T0AB0 027:142.906 JLINK_IsHalted()
T0AB0 027:143.626 - 0.720ms returns FALSE
T0AB0 027:143.700 JLINK_IsHalted()
T0AB0 027:144.340 - 0.639ms returns FALSE
T0AB0 027:252.886 JLINK_IsHalted()
T0AB0 027:253.606 - 0.719ms returns FALSE
T0AB0 027:253.680 JLINK_IsHalted()
T0AB0 027:254.372 - 0.687ms returns FALSE
T2B14 027:327.092 JLINK_IsHalted()
T2B14 027:327.738 - 0.644ms returns FALSE
T2B14 027:327.808 JLINK_IsHalted()
T2B14 027:328.420 - 0.608ms returns FALSE
T0AB0 027:361.878 JLINK_IsHalted()
T0AB0 027:362.598 - 0.716ms returns FALSE
T0AB0 027:362.700 JLINK_IsHalted()
T0AB0 027:363.306 - 0.604ms returns FALSE
T0AB0 027:471.712 JLINK_IsHalted()
T0AB0 027:472.432 - 0.719ms returns FALSE
T0AB0 027:472.502 JLINK_IsHalted()
T0AB0 027:473.178 - 0.672ms returns FALSE
T0AB0 027:580.692 JLINK_IsHalted()
T0AB0 027:581.424 - 0.731ms returns FALSE
T0AB0 027:581.500 JLINK_IsHalted()
T0AB0 027:582.176 - 0.674ms returns FALSE
T0AB0 027:690.634 JLINK_IsHalted()
T0AB0 027:691.340 - 0.703ms returns FALSE
T0AB0 027:691.414 JLINK_IsHalted()
T0AB0 027:692.112 - 0.695ms returns FALSE
T0AB0 027:799.572 JLINK_IsHalted()
T0AB0 027:800.300 - 0.729ms returns FALSE
T0AB0 027:800.518 JLINK_IsHalted()
T0AB0 027:801.216 - 0.696ms returns FALSE
T0AB0 027:908.508 JLINK_IsHalted()
T0AB0 027:909.248 - 0.735ms returns FALSE
T0AB0 027:909.332 JLINK_IsHalted()
T0AB0 027:910.022 - 0.690ms returns FALSE
T0AB0 028:018.444 JLINK_IsHalted()
T0AB0 028:019.178 - 0.729ms returns FALSE
T0AB0 028:019.252 JLINK_IsHalted()
T0AB0 028:019.926 - 0.671ms returns FALSE
T0AB0 028:127.388 JLINK_IsHalted()
T0AB0 028:128.122 - 0.730ms returns FALSE
T0AB0 028:128.204 JLINK_IsHalted()
T0AB0 028:128.858 - 0.652ms returns FALSE
T0AB0 028:237.316 JLINK_IsHalted()
T0AB0 028:238.048 - 0.731ms returns FALSE
T0AB0 028:238.122 JLINK_IsHalted()
T0AB0 028:238.804 - 0.678ms returns FALSE
T2B14 028:329.462 JLINK_IsHalted()
T2B14 028:330.150 - 0.683ms returns FALSE
T2B14 028:330.266 JLINK_IsHalted()
T2B14 028:330.948 - 0.678ms returns FALSE
T0AB0 028:346.212 JLINK_IsHalted()
T0AB0 028:346.934 - 0.719ms returns FALSE
T0AB0 028:347.004 JLINK_IsHalted()
T0AB0 028:347.654 - 0.648ms returns FALSE
T0AB0 028:456.218 JLINK_IsHalted()
T0AB0 028:456.944 - 0.722ms returns FALSE
T0AB0 028:457.018 JLINK_IsHalted()
T0AB0 028:457.716 - 0.697ms returns FALSE
T0AB0 028:565.104 JLINK_IsHalted()
T0AB0 028:565.844 - 0.735ms returns FALSE
T0AB0 028:565.914 JLINK_IsHalted()
T0AB0 028:566.566 - 0.648ms returns FALSE
T0AB0 028:674.076 JLINK_IsHalted()
T0AB0 028:674.804 - 0.725ms returns FALSE
T0AB0 028:674.886 JLINK_IsHalted()
T0AB0 028:675.590 - 0.702ms returns FALSE
T0AB0 028:784.080 JLINK_IsHalted()
T0AB0 028:784.956 - 0.870ms returns FALSE
T0AB0 028:785.092 JLINK_IsHalted()
T0AB0 028:785.862 - 0.767ms returns FALSE
T0AB0 028:892.908 JLINK_IsHalted()
T0AB0 028:893.604 - 0.693ms returns FALSE
T0AB0 028:893.668 JLINK_IsHalted()
T0AB0 028:894.266 - 0.595ms returns FALSE
T0AB0 029:002.918 JLINK_IsHalted()
T0AB0 029:003.740 - 0.819ms returns FALSE
T0AB0 029:003.836 JLINK_IsHalted()
T0AB0 029:004.602 - 0.762ms returns FALSE
T0AB0 029:111.892 JLINK_IsHalted()
T0AB0 029:112.752 - 0.859ms returns FALSE
T0AB0 029:112.852 JLINK_IsHalted()
T0AB0 029:113.612 - 0.758ms returns FALSE
T0AB0 029:221.840 JLINK_IsHalted()
T0AB0 029:222.726 - 0.884ms returns FALSE
T0AB0 029:222.826 JLINK_IsHalted()
T0AB0 029:223.612 - 0.783ms returns FALSE
T0AB0 029:330.820 JLINK_IsHalted()
T0AB0 029:331.600 - 0.776ms returns FALSE
T0AB0 029:331.772 JLINK_IsHalted()
T0AB0 029:332.486 - 0.710ms returns FALSE
T2B14 029:332.698 JLINK_IsHalted()
T2B14 029:333.436 - 0.736ms returns FALSE
T2B14 029:333.572 JLINK_IsHalted()
T2B14 029:334.330 - 0.756ms returns FALSE
T0AB0 029:440.822 JLINK_IsHalted()
T0AB0 029:441.660 - 0.838ms returns FALSE
T0AB0 029:441.724 JLINK_IsHalted()
T0AB0 029:442.486 - 0.757ms returns FALSE
T0AB0 029:549.648 JLINK_IsHalted()
T0AB0 029:550.500 - 0.851ms returns FALSE
T0AB0 029:550.598 JLINK_IsHalted()
T0AB0 029:551.372 - 0.771ms returns FALSE
T0AB0 029:658.516 JLINK_IsHalted()
T0AB0 029:659.382 - 0.859ms returns FALSE
T0AB0 029:659.508 JLINK_IsHalted()
T0AB0 029:660.256 - 0.746ms returns FALSE
T0AB0 029:768.508 JLINK_IsHalted()
T0AB0 029:769.376 - 0.862ms returns FALSE
T0AB0 029:769.472 JLINK_IsHalted()
T0AB0 029:770.240 - 0.762ms returns FALSE
T0AB0 029:877.388 JLINK_IsHalted()
T0AB0 029:878.262 - 0.869ms returns FALSE
T0AB0 029:878.400 JLINK_IsHalted()
T0AB0 029:879.174 - 0.772ms returns FALSE
T0AB0 029:987.324 JLINK_IsHalted()
T0AB0 029:988.108 - 0.782ms returns FALSE
T0AB0 029:988.204 JLINK_IsHalted()
T0AB0 029:989.012 - 0.805ms returns FALSE
T0AB0 030:096.260 JLINK_IsHalted()
T0AB0 030:097.114 - 0.850ms returns FALSE
T0AB0 030:097.210 JLINK_IsHalted()
T0AB0 030:098.010 - 0.796ms returns FALSE
T0AB0 030:206.230 JLINK_IsHalted()
T0AB0 030:207.072 - 0.840ms returns FALSE
T0AB0 030:207.172 JLINK_IsHalted()
T0AB0 030:207.936 - 0.760ms returns FALSE
T0AB0 030:315.248 JLINK_IsHalted()
T0AB0 030:316.164 - 0.908ms returns FALSE
T0AB0 030:316.324 JLINK_IsHalted()
T0AB0 030:316.976 - 0.649ms returns FALSE
T2B14 030:335.578 JLINK_IsHalted()
T2B14 030:336.276 - 0.694ms returns FALSE
T2B14 030:336.336 JLINK_IsHalted()
T2B14 030:337.092 - 0.748ms returns FALSE
T0AB0 030:424.284 JLINK_IsHalted()
T0AB0 030:424.960 - 0.673ms returns FALSE
T0AB0 030:425.036 JLINK_IsHalted()
T0AB0 030:425.638 - 0.601ms returns FALSE
T0AB0 030:534.124 JLINK_IsHalted()
T0AB0 030:534.950 - 0.823ms returns FALSE
T0AB0 030:535.044 JLINK_IsHalted()
T0AB0 030:535.814 - 0.769ms returns FALSE
T0AB0 030:642.986 JLINK_IsHalted()
T0AB0 030:643.852 - 0.864ms returns FALSE
T0AB0 030:643.994 JLINK_IsHalted()
T0AB0 030:644.758 - 0.760ms returns FALSE
T0AB0 030:752.900 JLINK_IsHalted()
T0AB0 030:753.754 - 0.851ms returns FALSE
T0AB0 030:753.844 JLINK_IsHalted()
T0AB0 030:754.602 - 0.756ms returns FALSE
T0AB0 030:861.862 JLINK_IsHalted()
T0AB0 030:862.704 - 0.840ms returns FALSE
T0AB0 030:862.804 JLINK_IsHalted()
T0AB0 030:863.546 - 0.737ms returns FALSE
T0AB0 030:971.820 JLINK_IsHalted()
T0AB0 030:972.644 - 0.819ms returns FALSE
T0AB0 030:972.740 JLINK_IsHalted()
T0AB0 030:973.508 - 0.763ms returns FALSE
T0AB0 031:080.762 JLINK_IsHalted()
T0AB0 031:081.626 - 0.860ms returns FALSE
T0AB0 031:081.766 JLINK_IsHalted()
T0AB0 031:082.516 - 0.748ms returns FALSE
T0AB0 031:190.714 JLINK_IsHalted()
T0AB0 031:191.524 - 0.806ms returns FALSE
T0AB0 031:191.622 JLINK_IsHalted()
T0AB0 031:192.356 - 0.727ms returns FALSE
T0AB0 031:299.628 JLINK_IsHalted()
T0AB0 031:300.506 - 0.872ms returns FALSE
T0AB0 031:300.604 JLINK_IsHalted()
T0AB0 031:301.372 - 0.763ms returns FALSE
T2B14 031:337.924 JLINK_IsHalted()
T2B14 031:338.620 - 0.696ms returns FALSE
T2B14 031:338.684 JLINK_IsHalted()
T2B14 031:339.386 - 0.698ms returns FALSE
T0AB0 031:408.512 JLINK_IsHalted()
T0AB0 031:409.382 - 0.865ms returns FALSE
T0AB0 031:409.504 JLINK_IsHalted()
T0AB0 031:410.256 - 0.747ms returns FALSE
T0AB0 031:518.452 JLINK_IsHalted()
T0AB0 031:519.232 - 0.778ms returns FALSE
T0AB0 031:519.328 JLINK_IsHalted()
T0AB0 031:520.102 - 0.772ms returns FALSE
T0AB0 031:627.450 JLINK_IsHalted()
T0AB0 031:628.292 - 0.840ms returns FALSE
T0AB0 031:628.384 JLINK_IsHalted()
T0AB0 031:629.140 - 0.748ms returns FALSE
T0AB0 031:737.338 JLINK_IsHalted()
T0AB0 031:738.128 - 0.790ms returns FALSE
T0AB0 031:738.220 JLINK_IsHalted()
T0AB0 031:739.014 - 0.791ms returns FALSE
T0AB0 031:846.336 JLINK_IsHalted()
T0AB0 031:847.146 - 0.806ms returns FALSE
T0AB0 031:847.254 JLINK_IsHalted()
T0AB0 031:848.004 - 0.745ms returns FALSE
T0AB0 031:956.272 JLINK_IsHalted()
T0AB0 031:957.126 - 0.848ms returns FALSE
T0AB0 031:957.226 JLINK_IsHalted()
T0AB0 031:958.010 - 0.782ms returns FALSE
T0AB0 032:065.136 JLINK_IsHalted()
T0AB0 032:066.032 - 0.891ms returns FALSE
T0AB0 032:066.202 JLINK_IsHalted()
T0AB0 032:066.992 - 0.786ms returns FALSE
T0AB0 032:174.176 JLINK_IsHalted()
T0AB0 032:174.944 - 0.767ms returns FALSE
T0AB0 032:175.040 JLINK_IsHalted()
T0AB0 032:175.834 - 0.788ms returns FALSE
T0AB0 032:284.044 JLINK_IsHalted()
T0AB0 032:284.890 - 0.842ms returns FALSE
T0AB0 032:285.018 JLINK_IsHalted()
T0AB0 032:285.796 - 0.775ms returns FALSE
T2B14 032:340.394 JLINK_IsHalted()
T2B14 032:341.094 - 0.696ms returns FALSE
T2B14 032:341.162 JLINK_IsHalted()
T2B14 032:341.882 - 0.715ms returns FALSE
T0AB0 032:393.092 JLINK_IsHalted()
T0AB0 032:393.824 - 0.731ms returns FALSE
T0AB0 032:393.924 JLINK_IsHalted()
T0AB0 032:394.742 - 0.816ms returns FALSE
T0AB0 032:502.932 JLINK_IsHalted()
T0AB0 032:503.738 - 0.805ms returns FALSE
T0AB0 032:503.840 JLINK_IsHalted()
T0AB0 032:504.592 - 0.748ms returns FALSE
T0AB0 032:611.936 JLINK_IsHalted()
T0AB0 032:612.826 - 0.887ms returns FALSE
T0AB0 032:612.932 JLINK_IsHalted()
T0AB0 032:613.738 - 0.804ms returns FALSE
T0AB0 032:721.884 JLINK_IsHalted()
T0AB0 032:722.724 - 0.835ms returns FALSE
T0AB0 032:722.820 JLINK_IsHalted()
T0AB0 032:723.568 - 0.743ms returns FALSE
T0AB0 032:830.810 JLINK_IsHalted()
T0AB0 032:831.590 - 0.778ms returns FALSE
T0AB0 032:831.690 JLINK_IsHalted()
T0AB0 032:832.442 - 0.751ms returns FALSE
T0AB0 032:940.746 JLINK_IsHalted()
T0AB0 032:941.532 - 0.784ms returns FALSE
T0AB0 032:941.628 JLINK_IsHalted()
T0AB0 032:942.384 - 0.751ms returns FALSE
T0AB0 033:049.632 JLINK_IsHalted()
T0AB0 033:050.428 - 0.794ms returns FALSE
T0AB0 033:050.524 JLINK_IsHalted()
T0AB0 033:051.274 - 0.747ms returns FALSE
T0AB0 033:158.540 JLINK_IsHalted()
T0AB0 033:159.376 - 0.826ms returns FALSE
T0AB0 033:159.498 JLINK_IsHalted()
T0AB0 033:160.240 - 0.739ms returns FALSE
T0AB0 033:268.522 JLINK_IsHalted()
T0AB0 033:269.316 - 0.789ms returns FALSE
T0AB0 033:269.408 JLINK_IsHalted()
T0AB0 033:270.180 - 0.768ms returns FALSE
T2B14 033:342.844 JLINK_IsHalted()
T2B14 033:343.504 - 0.658ms returns FALSE
T2B14 033:343.568 JLINK_IsHalted()
T2B14 033:344.278 - 0.704ms returns FALSE
T0AB0 033:377.450 JLINK_IsHalted()
T0AB0 033:378.236 - 0.786ms returns FALSE
T0AB0 033:378.342 JLINK_IsHalted()
T0AB0 033:379.082 - 0.736ms returns FALSE
T0AB0 033:487.414 JLINK_IsHalted()
T0AB0 033:488.176 - 0.759ms returns FALSE
T0AB0 033:488.272 JLINK_IsHalted()
T0AB0 033:489.012 - 0.734ms returns FALSE
T0AB0 033:596.264 JLINK_IsHalted()
T0AB0 033:597.084 - 0.817ms returns FALSE
T0AB0 033:597.228 JLINK_IsHalted()
T0AB0 033:598.004 - 0.773ms returns FALSE
T0AB0 033:706.152 JLINK_IsHalted()
T0AB0 033:706.984 - 0.825ms returns FALSE
T0AB0 033:707.080 JLINK_IsHalted()
T0AB0 033:707.832 - 0.753ms returns FALSE
T0AB0 033:815.168 JLINK_IsHalted()
T0AB0 033:816.008 - 0.840ms returns FALSE
T0AB0 033:816.108 JLINK_IsHalted()
T0AB0 033:816.852 - 0.739ms returns FALSE
T0AB0 033:925.104 JLINK_IsHalted()
T0AB0 033:925.940 - 0.831ms returns FALSE
T0AB0 033:926.040 JLINK_IsHalted()
T0AB0 033:926.804 - 0.762ms returns FALSE
T0AB0 034:034.104 JLINK_IsHalted()
T0AB0 034:034.920 - 0.818ms returns FALSE
T0AB0 034:035.024 JLINK_IsHalted()
T0AB0 034:035.848 - 0.815ms returns FALSE
T0AB0 034:143.008 JLINK_IsHalted()
T0AB0 034:143.816 - 0.806ms returns FALSE
T0AB0 034:143.912 JLINK_IsHalted()
T0AB0 034:144.760 - 0.838ms returns FALSE
T0AB0 034:252.980 JLINK_IsHalted()
T0AB0 034:253.768 - 0.785ms returns FALSE
T0AB0 034:253.868 JLINK_IsHalted()
T0AB0 034:254.592 - 0.720ms returns FALSE
T2B14 034:345.196 JLINK_IsHalted()
T2B14 034:345.892 - 0.692ms returns FALSE
T2B14 034:345.952 JLINK_IsHalted()
T2B14 034:346.748 - 0.790ms returns FALSE
T0AB0 034:361.824 JLINK_IsHalted()
T0AB0 034:362.640 - 0.811ms returns FALSE
T0AB0 034:362.808 JLINK_IsHalted()
T0AB0 034:363.528 - 0.716ms returns FALSE
T0AB0 034:471.760 JLINK_IsHalted()
T0AB0 034:472.544 - 0.781ms returns FALSE
T0AB0 034:472.640 JLINK_IsHalted()
T0AB0 034:473.400 - 0.758ms returns FALSE
T0AB0 034:580.800 JLINK_IsHalted()
T0AB0 034:581.576 - 0.774ms returns FALSE
T0AB0 034:581.680 JLINK_IsHalted()
T0AB0 034:582.408 - 0.727ms returns FALSE
T0AB0 034:690.700 JLINK_IsHalted()
T0AB0 034:691.496 - 0.792ms returns FALSE
T0AB0 034:691.592 JLINK_IsHalted()
T0AB0 034:692.344 - 0.742ms returns FALSE
T0AB0 034:799.648 JLINK_IsHalted()
T0AB0 034:800.436 - 0.786ms returns FALSE
T0AB0 034:800.532 JLINK_IsHalted()
T0AB0 034:801.288 - 0.752ms returns FALSE
T0AB0 034:908.544 JLINK_IsHalted()
T0AB0 034:909.384 - 0.833ms returns FALSE
T0AB0 034:909.516 JLINK_IsHalted()
T0AB0 034:910.272 - 0.749ms returns FALSE
T0AB0 035:018.380 JLINK_IsHalted()
T0AB0 035:019.048 - 0.665ms returns FALSE
T0AB0 035:019.108 JLINK_IsHalted()
T0AB0 035:019.768 - 0.657ms returns FALSE
T0AB0 035:127.320 JLINK_IsHalted()
T0AB0 035:127.916 - 0.596ms returns FALSE
T0AB0 035:127.952 JLINK_IsHalted()
T0AB0 035:128.588 - 0.631ms returns FALSE
T0AB0 035:237.268 JLINK_IsHalted()
T0AB0 035:237.900 - 0.634ms returns FALSE
T0AB0 035:237.940 JLINK_IsHalted()
T0AB0 035:238.524 - 0.583ms returns FALSE
T0AB0 035:346.232 JLINK_IsHalted()
T0AB0 035:346.936 - 0.699ms returns FALSE
T0AB0 035:346.992 JLINK_IsHalted()
T0AB0 035:347.672 - 0.679ms returns FALSE
T2B14 035:347.864 JLINK_IsHalted()
T2B14 035:348.472 - 0.606ms returns FALSE
T2B14 035:348.536 JLINK_IsHalted()
T2B14 035:349.080 - 0.544ms returns FALSE
T0AB0 035:456.172 JLINK_IsHalted()
T0AB0 035:456.824 - 0.649ms returns FALSE
T0AB0 035:456.880 JLINK_IsHalted()
T0AB0 035:457.544 - 0.662ms returns FALSE
T0AB0 035:565.096 JLINK_IsHalted()
T0AB0 035:565.716 - 0.616ms returns FALSE
T0AB0 035:565.752 JLINK_IsHalted()
T0AB0 035:566.392 - 0.641ms returns FALSE
T0AB0 035:674.044 JLINK_IsHalted()
T0AB0 035:674.712 - 0.663ms returns FALSE
T0AB0 035:674.772 JLINK_IsHalted()
T0AB0 035:675.480 - 0.703ms returns FALSE
T0AB0 035:784.000 JLINK_IsHalted()
T0AB0 035:784.656 - 0.652ms returns FALSE
T0AB0 035:784.708 JLINK_IsHalted()
T0AB0 035:785.316 - 0.604ms returns FALSE
T0AB0 035:892.924 JLINK_IsHalted()
T0AB0 035:893.572 - 0.647ms returns FALSE
T0AB0 035:893.632 JLINK_IsHalted()
T0AB0 035:894.316 - 0.684ms returns FALSE
T0AB0 036:002.876 JLINK_IsHalted()
T0AB0 036:003.508 - 0.630ms returns FALSE
T0AB0 036:003.572 JLINK_IsHalted()
T0AB0 036:004.232 - 0.659ms returns FALSE
T0AB0 036:111.752 JLINK_IsHalted()
T0AB0 036:112.344 - 0.595ms returns FALSE
T0AB0 036:112.384 JLINK_IsHalted()
T0AB0 036:113.032 - 0.644ms returns FALSE
T0AB0 036:221.728 JLINK_IsHalted()
T0AB0 036:222.332 - 0.602ms returns FALSE
T0AB0 036:222.368 JLINK_IsHalted()
T0AB0 036:222.952 - 0.583ms returns FALSE
T0AB0 036:330.672 JLINK_IsHalted()
T0AB0 036:331.320 - 0.648ms returns FALSE
T0AB0 036:331.384 JLINK_IsHalted()
T0AB0 036:332.072 - 0.684ms returns FALSE
T2B14 036:349.832 JLINK_IsHalted()
T2B14 036:350.432 - 0.598ms returns FALSE
T2B14 036:350.508 JLINK_IsHalted()
T2B14 036:351.104 - 0.593ms returns FALSE
T0AB0 036:440.600 JLINK_IsHalted()
T0AB0 036:441.196 - 0.595ms returns FALSE
T0AB0 036:441.232 JLINK_IsHalted()
T0AB0 036:441.824 - 0.590ms returns FALSE
T0AB0 036:549.544 JLINK_IsHalted()
T0AB0 036:550.188 - 0.643ms returns FALSE
T0AB0 036:550.248 JLINK_IsHalted()
T0AB0 036:550.976 - 0.723ms returns FALSE
T0AB0 036:658.436 JLINK_IsHalted()
T0AB0 036:659.032 - 0.595ms returns FALSE
T0AB0 036:659.068 JLINK_IsHalted()
T0AB0 036:659.636 - 0.566ms returns FALSE
T0AB0 036:768.416 JLINK_IsHalted()
T0AB0 036:769.020 - 0.602ms returns FALSE
T0AB0 036:769.056 JLINK_IsHalted()
T0AB0 036:769.708 - 0.649ms returns FALSE
T0AB0 036:877.308 JLINK_IsHalted()
T0AB0 036:877.904 - 0.594ms returns FALSE
T0AB0 036:877.944 JLINK_IsHalted()
T0AB0 036:878.536 - 0.591ms returns FALSE
T0AB0 036:987.296 JLINK_IsHalted()
T0AB0 036:987.912 - 0.615ms returns FALSE
T0AB0 036:987.948 JLINK_IsHalted()
T0AB0 036:988.420 - 0.471ms returns FALSE
T0AB0 037:096.188 JLINK_IsHalted()
T0AB0 037:096.816 - 0.626ms returns FALSE
T0AB0 037:096.856 JLINK_IsHalted()
T0AB0 037:097.476 - 0.619ms returns FALSE
T0AB0 037:206.168 JLINK_IsHalted()
T0AB0 037:206.792 - 0.622ms returns FALSE
T0AB0 037:206.832 JLINK_IsHalted()
T0AB0 037:207.468 - 0.635ms returns FALSE
T0AB0 037:315.080 JLINK_IsHalted()
T0AB0 037:315.728 - 0.645ms returns FALSE
T0AB0 037:315.788 JLINK_IsHalted()
T0AB0 037:316.440 - 0.649ms returns FALSE
T2B14 037:352.312 JLINK_IsHalted()
T2B14 037:352.872 - 0.558ms returns FALSE
T2B14 037:352.912 JLINK_IsHalted()
T2B14 037:353.416 - 0.504ms returns FALSE
T0AB0 037:424.040 JLINK_IsHalted()
T0AB0 037:424.584 - 0.539ms returns FALSE
T0AB0 037:424.620 JLINK_IsHalted()
T0AB0 037:425.084 - 0.461ms returns FALSE
T0AB0 037:533.976 JLINK_IsHalted()
T0AB0 037:534.676 - 0.697ms returns FALSE
T0AB0 037:534.736 JLINK_IsHalted()
T0AB0 037:535.384 - 0.646ms returns FALSE
T0AB0 037:642.920 JLINK_IsHalted()
T0AB0 037:643.620 - 0.701ms returns FALSE
T0AB0 037:643.824 JLINK_IsHalted()
T0AB0 037:644.424 - 0.596ms returns FALSE
T0AB0 037:752.848 JLINK_IsHalted()
T0AB0 037:753.448 - 0.600ms returns FALSE
T0AB0 037:753.484 JLINK_IsHalted()
T0AB0 037:754.100 - 0.610ms returns FALSE
T0AB0 037:861.784 JLINK_IsHalted()
T0AB0 037:862.388 - 0.602ms returns FALSE
T0AB0 037:862.424 JLINK_IsHalted()
T0AB0 037:863.036 - 0.609ms returns FALSE
T0AB0 037:971.720 JLINK_IsHalted()
T0AB0 037:972.320 - 0.598ms returns FALSE
T0AB0 037:972.360 JLINK_IsHalted()
T0AB0 037:972.952 - 0.591ms returns FALSE
T0AB0 038:080.620 JLINK_IsHalted()
T0AB0 038:081.220 - 0.596ms returns FALSE
T0AB0 038:081.256 JLINK_IsHalted()
T0AB0 038:081.860 - 0.601ms returns FALSE
T0AB0 038:190.624 JLINK_IsHalted()
T0AB0 038:191.224 - 0.597ms returns FALSE
T0AB0 038:191.256 JLINK_IsHalted()
T0AB0 038:191.904 - 0.645ms returns FALSE
T0AB0 038:299.544 JLINK_IsHalted()
T0AB0 038:300.188 - 0.642ms returns FALSE
T0AB0 038:300.248 JLINK_IsHalted()
T0AB0 038:300.976 - 0.723ms returns FALSE
T2B14 038:353.684 JLINK_IsHalted()
T2B14 038:354.272 - 0.588ms returns FALSE
T2B14 038:354.404 JLINK_IsHalted()
T2B14 038:354.952 - 0.550ms returns FALSE
T0AB0 038:408.496 JLINK_IsHalted()
T0AB0 038:409.132 - 0.634ms returns FALSE
T0AB0 038:409.196 JLINK_IsHalted()
T0AB0 038:409.868 - 0.671ms returns FALSE
T0AB0 038:518.552 JLINK_IsHalted()
T0AB0 038:519.368 - 0.807ms returns FALSE
T0AB0 038:519.456 JLINK_IsHalted()
T0AB0 038:520.192 - 0.733ms returns FALSE
T0AB0 038:627.416 JLINK_IsHalted()
T0AB0 038:628.252 - 0.834ms returns FALSE
T0AB0 038:628.384 JLINK_IsHalted()
T0AB0 038:629.128 - 0.740ms returns FALSE
T0AB0 038:737.432 JLINK_IsHalted()
T0AB0 038:738.184 - 0.755ms returns FALSE
T0AB0 038:738.284 JLINK_IsHalted()
T0AB0 038:739.012 - 0.724ms returns FALSE
T0AB0 038:846.344 JLINK_IsHalted()
T0AB0 038:847.148 - 0.801ms returns FALSE
T0AB0 038:847.248 JLINK_IsHalted()
T0AB0 038:848.008 - 0.754ms returns FALSE
T0AB0 038:956.308 JLINK_IsHalted()
T0AB0 038:957.108 - 0.793ms returns FALSE
T0AB0 038:957.240 JLINK_IsHalted()
T0AB0 038:958.004 - 0.759ms returns FALSE
T0AB0 039:065.288 JLINK_IsHalted()
T0AB0 039:066.088 - 0.798ms returns FALSE
T0AB0 039:066.180 JLINK_IsHalted()
T0AB0 039:066.952 - 0.767ms returns FALSE
T0AB0 039:175.176 JLINK_IsHalted()
T0AB0 039:175.992 - 0.813ms returns FALSE
T0AB0 039:176.096 JLINK_IsHalted()
T0AB0 039:176.864 - 0.766ms returns FALSE
T0AB0 039:284.108 JLINK_IsHalted()
T0AB0 039:284.956 - 0.846ms returns FALSE
T0AB0 039:285.056 JLINK_IsHalted()
T0AB0 039:285.812 - 0.753ms returns FALSE
T2B14 039:355.376 JLINK_IsHalted()
T2B14 039:356.024 - 0.649ms returns FALSE
T2B14 039:356.088 JLINK_IsHalted()
T2B14 039:356.788 - 0.692ms returns FALSE
T0AB0 039:393.012 JLINK_IsHalted()
T0AB0 039:393.868 - 0.854ms returns FALSE
T0AB0 039:393.968 JLINK_IsHalted()
T0AB0 039:394.784 - 0.809ms returns FALSE
T0AB0 039:503.652 JLINK_IsHalted()
T0AB0 039:504.440 - 0.790ms returns FALSE
T0AB0 039:504.540 JLINK_IsHalted()
T0AB0 039:505.312 - 0.766ms returns FALSE
T0AB0 039:611.880 JLINK_IsHalted()
T0AB0 039:612.712 - 0.828ms returns FALSE
T0AB0 039:612.812 JLINK_IsHalted()
T0AB0 039:613.616 - 0.800ms returns FALSE
T0AB0 039:721.816 JLINK_IsHalted()
T0AB0 039:722.612 - 0.794ms returns FALSE
T0AB0 039:722.712 JLINK_IsHalted()
T0AB0 039:723.476 - 0.762ms returns FALSE
T0AB0 039:830.760 JLINK_IsHalted()
T0AB0 039:831.588 - 0.822ms returns FALSE
T0AB0 039:831.684 JLINK_IsHalted()
T0AB0 039:832.416 - 0.727ms returns FALSE
T0AB0 039:940.696 JLINK_IsHalted()
T0AB0 039:941.556 - 0.855ms returns FALSE
T0AB0 039:941.656 JLINK_IsHalted()
T0AB0 039:942.424 - 0.763ms returns FALSE
T0AB0 040:049.572 JLINK_IsHalted()
T0AB0 040:050.376 - 0.793ms returns FALSE
T0AB0 040:050.556 JLINK_IsHalted()
T0AB0 040:051.388 - 0.827ms returns FALSE
T0AB0 040:158.564 JLINK_IsHalted()
T0AB0 040:159.432 - 0.867ms returns FALSE
T0AB0 040:159.540 JLINK_IsHalted()
T0AB0 040:160.296 - 0.754ms returns FALSE
T0AB0 040:268.508 JLINK_IsHalted()
T0AB0 040:269.332 - 0.821ms returns FALSE
T0AB0 040:269.448 JLINK_IsHalted()
T0AB0 040:270.248 - 0.794ms returns FALSE
T2B14 040:357.832 JLINK_IsHalted()
T2B14 040:358.488 - 0.659ms returns FALSE
T2B14 040:358.552 JLINK_IsHalted()
T2B14 040:359.256 - 0.699ms returns FALSE
T0AB0 040:377.452 JLINK_IsHalted()
T0AB0 040:378.308 - 0.851ms returns FALSE
T0AB0 040:378.408 JLINK_IsHalted()
T0AB0 040:379.192 - 0.774ms returns FALSE
T0AB0 040:487.372 JLINK_IsHalted()
T0AB0 040:488.196 - 0.816ms returns FALSE
T0AB0 040:488.312 JLINK_IsHalted()
T0AB0 040:489.112 - 0.793ms returns FALSE
T0AB0 040:596.324 JLINK_IsHalted()
T0AB0 040:597.152 - 0.827ms returns FALSE
T0AB0 040:597.248 JLINK_IsHalted()
T0AB0 040:598.040 - 0.787ms returns FALSE
T0AB0 040:706.260 JLINK_IsHalted()
T0AB0 040:707.084 - 0.823ms returns FALSE
T0AB0 040:707.184 JLINK_IsHalted()
T0AB0 040:708.016 - 0.829ms returns FALSE
T0AB0 040:815.128 JLINK_IsHalted()
T0AB0 040:816.080 - 0.944ms returns FALSE
T0AB0 040:816.188 JLINK_IsHalted()
T0AB0 040:817.000 - 0.810ms returns FALSE
T0AB0 040:924.104 JLINK_IsHalted()
T0AB0 040:924.968 - 0.861ms returns FALSE
T0AB0 040:925.108 JLINK_IsHalted()
T0AB0 040:925.864 - 0.751ms returns FALSE
T0AB0 041:034.052 JLINK_IsHalted()
T0AB0 041:034.788 - 0.735ms returns FALSE
T0AB0 041:034.856 JLINK_IsHalted()
T0AB0 041:035.444 - 0.587ms returns FALSE
T0AB0 041:142.976 JLINK_IsHalted()
T0AB0 041:143.792 - 0.815ms returns FALSE
T0AB0 041:143.892 JLINK_IsHalted()
T0AB0 041:144.632 - 0.734ms returns FALSE
T0AB0 041:252.912 JLINK_IsHalted()
T0AB0 041:253.768 - 0.851ms returns FALSE
T0AB0 041:253.864 JLINK_IsHalted()
T0AB0 041:254.604 - 0.736ms returns FALSE
T2B14 041:360.244 JLINK_IsHalted()
T2B14 041:360.900 - 0.652ms returns FALSE
T2B14 041:360.960 JLINK_IsHalted()
T2B14 041:361.800 - 0.830ms returns FALSE
T0AB0 041:362.056 JLINK_IsHalted()
T0AB0 041:362.744 - 0.686ms returns FALSE
T0AB0 041:362.808 JLINK_IsHalted()
T0AB0 041:363.540 - 0.728ms returns FALSE
T0AB0 041:471.784 JLINK_IsHalted()
T0AB0 041:472.612 - 0.825ms returns FALSE
T0AB0 041:472.712 JLINK_IsHalted()
T0AB0 041:473.480 - 0.767ms returns FALSE
T0AB0 041:580.700 JLINK_IsHalted()
T0AB0 041:581.512 - 0.805ms returns FALSE
T0AB0 041:581.672 JLINK_IsHalted()
T0AB0 041:582.392 - 0.716ms returns FALSE
T0AB0 041:690.636 JLINK_IsHalted()
T0AB0 041:691.496 - 0.856ms returns FALSE
T0AB0 041:691.588 JLINK_IsHalted()
T0AB0 041:692.352 - 0.759ms returns FALSE
T0AB0 041:799.600 JLINK_IsHalted()
T0AB0 041:800.440 - 0.839ms returns FALSE
T0AB0 041:800.540 JLINK_IsHalted()
T0AB0 041:801.288 - 0.740ms returns FALSE
T0AB0 041:908.564 JLINK_IsHalted()
T0AB0 041:909.392 - 0.824ms returns FALSE
T0AB0 041:909.492 JLINK_IsHalted()
T0AB0 041:910.260 - 0.764ms returns FALSE
T0AB0 042:018.456 JLINK_IsHalted()
T0AB0 042:019.308 - 0.851ms returns FALSE
T0AB0 042:019.408 JLINK_IsHalted()
T0AB0 042:020.160 - 0.747ms returns FALSE
T0AB0 042:127.412 JLINK_IsHalted()
T0AB0 042:128.232 - 0.821ms returns FALSE
T0AB0 042:128.332 JLINK_IsHalted()
T0AB0 042:129.104 - 0.766ms returns FALSE
T0AB0 042:237.352 JLINK_IsHalted()
T0AB0 042:238.168 - 0.817ms returns FALSE
T0AB0 042:238.272 JLINK_IsHalted()
T0AB0 042:239.036 - 0.761ms returns FALSE
T0AB0 042:346.240 JLINK_IsHalted()
T0AB0 042:347.052 - 0.809ms returns FALSE
T0AB0 042:347.156 JLINK_IsHalted()
T0AB0 042:347.908 - 0.748ms returns FALSE
T2B14 042:362.652 JLINK_IsHalted()
T2B14 042:363.312 - 0.656ms returns FALSE
T2B14 042:363.376 JLINK_IsHalted()
T2B14 042:364.076 - 0.698ms returns FALSE
T0AB0 042:456.224 JLINK_IsHalted()
T0AB0 042:457.060 - 0.831ms returns FALSE
T0AB0 042:457.160 JLINK_IsHalted()
T0AB0 042:457.912 - 0.744ms returns FALSE
T0AB0 042:565.256 JLINK_IsHalted()
T0AB0 042:566.068 - 0.807ms returns FALSE
T0AB0 042:566.164 JLINK_IsHalted()
T0AB0 042:566.936 - 0.771ms returns FALSE
T0AB0 042:674.068 JLINK_IsHalted()
T0AB0 042:674.876 - 0.806ms returns FALSE
T0AB0 042:674.976 JLINK_IsHalted()
T0AB0 042:675.732 - 0.750ms returns FALSE
T0AB0 042:784.008 JLINK_IsHalted()
T0AB0 042:784.836 - 0.826ms returns FALSE
T0AB0 042:784.952 JLINK_IsHalted()
T0AB0 042:785.732 - 0.774ms returns FALSE
T0AB0 042:892.976 JLINK_IsHalted()
T0AB0 042:893.820 - 0.839ms returns FALSE
T0AB0 042:893.940 JLINK_IsHalted()
T0AB0 042:894.736 - 0.795ms returns FALSE
T0AB0 043:002.888 JLINK_IsHalted()
T0AB0 043:003.736 - 0.848ms returns FALSE
T0AB0 043:003.836 JLINK_IsHalted()
T0AB0 043:004.604 - 0.764ms returns FALSE
T0AB0 043:111.848 JLINK_IsHalted()
T0AB0 043:112.744 - 0.891ms returns FALSE
T0AB0 043:112.832 JLINK_IsHalted()
T0AB0 043:113.612 - 0.775ms returns FALSE
T0AB0 043:221.784 JLINK_IsHalted()
T0AB0 043:222.612 - 0.826ms returns FALSE
T0AB0 043:222.712 JLINK_IsHalted()
T0AB0 043:223.476 - 0.761ms returns FALSE
T0AB0 043:330.692 JLINK_IsHalted()
T0AB0 043:331.492 - 0.795ms returns FALSE
T0AB0 043:331.588 JLINK_IsHalted()
T0AB0 043:332.352 - 0.760ms returns FALSE
T2B14 043:365.064 JLINK_IsHalted()
T2B14 043:365.740 - 0.678ms returns FALSE
T2B14 043:365.804 JLINK_IsHalted()
T2B14 043:366.508 - 0.700ms returns FALSE
T0AB0 043:440.656 JLINK_IsHalted()
T0AB0 043:441.484 - 0.826ms returns FALSE
T0AB0 043:441.584 JLINK_IsHalted()
T0AB0 043:442.352 - 0.765ms returns FALSE
T0AB0 043:549.600 JLINK_IsHalted()
T0AB0 043:550.444 - 0.842ms returns FALSE
T0AB0 043:550.544 JLINK_IsHalted()
T0AB0 043:551.284 - 0.737ms returns FALSE
T0AB0 043:658.608 JLINK_IsHalted()
T0AB0 043:659.424 - 0.816ms returns FALSE
T0AB0 043:659.528 JLINK_IsHalted()
T0AB0 043:660.320 - 0.786ms returns FALSE
T0AB0 043:768.516 JLINK_IsHalted()
T0AB0 043:769.432 - 0.914ms returns FALSE
T0AB0 043:769.536 JLINK_IsHalted()
T0AB0 043:770.320 - 0.781ms returns FALSE
T0AB0 043:877.484 JLINK_IsHalted()
T0AB0 043:878.292 - 0.803ms returns FALSE
T0AB0 043:878.396 JLINK_IsHalted()
T0AB0 043:879.188 - 0.785ms returns FALSE
T0AB0 043:987.420 JLINK_IsHalted()
T0AB0 043:988.292 - 0.867ms returns FALSE
T0AB0 043:988.392 JLINK_IsHalted()
T0AB0 043:989.172 - 0.771ms returns FALSE
T0AB0 044:096.360 JLINK_IsHalted()
T0AB0 044:097.168 - 0.802ms returns FALSE
T0AB0 044:097.268 JLINK_IsHalted()
T0AB0 044:098.048 - 0.775ms returns FALSE
T0AB0 044:206.292 JLINK_IsHalted()
T0AB0 044:207.096 - 0.805ms returns FALSE
T0AB0 044:207.200 JLINK_IsHalted()
T0AB0 044:208.008 - 0.806ms returns FALSE
T0AB0 044:315.156 JLINK_IsHalted()
T0AB0 044:316.084 - 0.925ms returns FALSE
T0AB0 044:316.188 JLINK_IsHalted()
T0AB0 044:316.984 - 0.790ms returns FALSE
T2B14 044:367.512 JLINK_IsHalted()
T2B14 044:368.168 - 0.653ms returns FALSE
T2B14 044:368.232 JLINK_IsHalted()
T2B14 044:369.024 - 0.788ms returns FALSE
T0AB0 044:424.252 JLINK_IsHalted()
T0AB0 044:424.920 - 0.663ms returns FALSE
T0AB0 044:424.984 JLINK_IsHalted()
T0AB0 044:425.604 - 0.618ms returns FALSE
T0AB0 044:534.076 JLINK_IsHalted()
T0AB0 044:534.916 - 0.833ms returns FALSE
T0AB0 044:535.016 JLINK_IsHalted()
T0AB0 044:535.800 - 0.784ms returns FALSE
T0AB0 044:642.968 JLINK_IsHalted()
T0AB0 044:643.812 - 0.836ms returns FALSE
T0AB0 044:643.940 JLINK_IsHalted()
T0AB0 044:644.780 - 0.837ms returns FALSE
T0AB0 044:752.944 JLINK_IsHalted()
T0AB0 044:753.772 - 0.822ms returns FALSE
T0AB0 044:753.896 JLINK_IsHalted()
T0AB0 044:754.740 - 0.835ms returns FALSE
T0AB0 044:861.908 JLINK_IsHalted()
T0AB0 044:862.732 - 0.822ms returns FALSE
T0AB0 044:862.832 JLINK_IsHalted()
T0AB0 044:863.608 - 0.775ms returns FALSE
T0AB0 044:971.812 JLINK_IsHalted()
T0AB0 044:972.616 - 0.804ms returns FALSE
T0AB0 044:972.716 JLINK_IsHalted()
T0AB0 044:973.480 - 0.759ms returns FALSE
T0AB0 045:080.724 JLINK_IsHalted()
T0AB0 045:081.564 - 0.836ms returns FALSE
T0AB0 045:081.692 JLINK_IsHalted()
T0AB0 045:082.436 - 0.737ms returns FALSE
T0AB0 045:190.692 JLINK_IsHalted()
T0AB0 045:191.512 - 0.815ms returns FALSE
T0AB0 045:191.628 JLINK_IsHalted()
T0AB0 045:192.420 - 0.788ms returns FALSE
T0AB0 045:299.592 JLINK_IsHalted()
T0AB0 045:300.436 - 0.837ms returns FALSE
T0AB0 045:300.572 JLINK_IsHalted()
T0AB0 045:301.364 - 0.787ms returns FALSE
T2B14 045:369.956 JLINK_IsHalted()
T2B14 045:370.644 - 0.685ms returns FALSE
T2B14 045:370.724 JLINK_IsHalted()
T2B14 045:371.476 - 0.746ms returns FALSE
T0AB0 045:408.504 JLINK_IsHalted()
T0AB0 045:409.320 - 0.814ms returns FALSE
T0AB0 045:409.512 JLINK_IsHalted()
T0AB0 045:410.296 - 0.781ms returns FALSE
T0AB0 045:518.472 JLINK_IsHalted()
T0AB0 045:519.292 - 0.821ms returns FALSE
T0AB0 045:519.392 JLINK_IsHalted()
T0AB0 045:520.132 - 0.733ms returns FALSE
T0AB0 045:627.380 JLINK_IsHalted()
T0AB0 045:628.188 - 0.806ms returns FALSE
T0AB0 045:628.288 JLINK_IsHalted()
T0AB0 045:629.032 - 0.739ms returns FALSE
T0AB0 045:737.312 JLINK_IsHalted()
T0AB0 045:738.112 - 0.798ms returns FALSE
T0AB0 045:738.212 JLINK_IsHalted()
T0AB0 045:739.004 - 0.790ms returns FALSE
T0AB0 045:846.328 JLINK_IsHalted()
T0AB0 045:847.120 - 0.789ms returns FALSE
T0AB0 045:847.224 JLINK_IsHalted()
T0AB0 045:848.008 - 0.784ms returns FALSE
T0AB0 045:956.220 JLINK_IsHalted()
T0AB0 045:957.064 - 0.837ms returns FALSE
T0AB0 045:957.188 JLINK_IsHalted()
T0AB0 045:957.992 - 0.801ms returns FALSE
T0AB0 046:065.192 JLINK_IsHalted()
T0AB0 046:065.988 - 0.789ms returns FALSE
T0AB0 046:066.080 JLINK_IsHalted()
T0AB0 046:066.856 - 0.772ms returns FALSE
T0AB0 046:174.100 JLINK_IsHalted()
T0AB0 046:174.956 - 0.855ms returns FALSE
T0AB0 046:175.108 JLINK_IsHalted()
T0AB0 046:175.872 - 0.761ms returns FALSE
T0AB0 046:284.072 JLINK_IsHalted()
T0AB0 046:284.968 - 0.891ms returns FALSE
T0AB0 046:285.072 JLINK_IsHalted()
T0AB0 046:285.804 - 0.731ms returns FALSE
T2B14 046:372.396 JLINK_IsHalted()
T2B14 046:373.076 - 0.678ms returns FALSE
T2B14 046:373.140 JLINK_IsHalted()
T2B14 046:373.884 - 0.742ms returns FALSE
T0AB0 046:392.936 JLINK_IsHalted()
T0AB0 046:393.756 - 0.815ms returns FALSE
T0AB0 046:393.924 JLINK_IsHalted()
T0AB0 046:394.736 - 0.809ms returns FALSE
T0AB0 046:502.904 JLINK_IsHalted()
T0AB0 046:503.736 - 0.827ms returns FALSE
T0AB0 046:503.836 JLINK_IsHalted()
T0AB0 046:504.580 - 0.736ms returns FALSE
T0AB0 046:611.884 JLINK_IsHalted()
T0AB0 046:612.732 - 0.843ms returns FALSE
T0AB0 046:612.832 JLINK_IsHalted()
T0AB0 046:613.608 - 0.771ms returns FALSE
T0AB0 046:721.816 JLINK_IsHalted()
T0AB0 046:722.632 - 0.813ms returns FALSE
T0AB0 046:722.728 JLINK_IsHalted()
T0AB0 046:723.472 - 0.739ms returns FALSE
T0AB0 046:830.844 JLINK_IsHalted()
T0AB0 046:831.576 - 0.731ms returns FALSE
T0AB0 046:831.664 JLINK_IsHalted()
T0AB0 046:832.368 - 0.701ms returns FALSE
T0AB0 046:940.628 JLINK_IsHalted()
T0AB0 046:941.412 - 0.781ms returns FALSE
T0AB0 046:941.504 JLINK_IsHalted()
T0AB0 046:942.240 - 0.731ms returns FALSE
T0AB0 047:049.624 JLINK_IsHalted()
T0AB0 047:050.420 - 0.794ms returns FALSE
T0AB0 047:050.520 JLINK_IsHalted()
T0AB0 047:051.288 - 0.768ms returns FALSE
T0AB0 047:158.484 JLINK_IsHalted()
T0AB0 047:159.180 - 0.695ms returns FALSE
T0AB0 047:159.244 JLINK_IsHalted()
T0AB0 047:159.880 - 0.632ms returns FALSE
T0AB0 047:268.444 JLINK_IsHalted()
T0AB0 047:269.300 - 0.852ms returns FALSE
T0AB0 047:269.400 JLINK_IsHalted()
T0AB0 047:270.152 - 0.746ms returns FALSE
T2B14 047:374.880 JLINK_IsHalted()
T2B14 047:375.656 - 0.773ms returns FALSE
T2B14 047:375.752 JLINK_IsHalted()
T2B14 047:376.400 - 0.649ms returns FALSE
T0AB0 047:377.360 JLINK_IsHalted()
T0AB0 047:378.068 - 0.704ms returns FALSE
T0AB0 047:378.184 JLINK_IsHalted()
T0AB0 047:378.932 - 0.741ms returns FALSE
T0AB0 047:487.332 JLINK_IsHalted()
T0AB0 047:488.108 - 0.774ms returns FALSE
T0AB0 047:488.208 JLINK_IsHalted()
T0AB0 047:489.004 - 0.791ms returns FALSE
T0AB0 047:596.248 JLINK_IsHalted()
T0AB0 047:597.032 - 0.783ms returns FALSE
T0AB0 047:597.128 JLINK_IsHalted()
T0AB0 047:597.880 - 0.748ms returns FALSE
T0AB0 047:706.260 JLINK_IsHalted()
T0AB0 047:707.064 - 0.802ms returns FALSE
T0AB0 047:707.164 JLINK_IsHalted()
T0AB0 047:707.928 - 0.762ms returns FALSE
T0AB0 047:815.160 JLINK_IsHalted()
T0AB0 047:816.008 - 0.847ms returns FALSE
T0AB0 047:816.108 JLINK_IsHalted()
T0AB0 047:816.816 - 0.705ms returns FALSE
T0AB0 047:924.144 JLINK_IsHalted()
T0AB0 047:925.000 - 0.854ms returns FALSE
T0AB0 047:925.104 JLINK_IsHalted()
T0AB0 047:925.852 - 0.744ms returns FALSE
T0AB0 048:034.104 JLINK_IsHalted()
T0AB0 048:034.904 - 0.795ms returns FALSE
T0AB0 048:035.000 JLINK_IsHalted()
T0AB0 048:035.732 - 0.729ms returns FALSE
T0AB0 048:142.936 JLINK_IsHalted()
T0AB0 048:143.756 - 0.818ms returns FALSE
T0AB0 048:143.896 JLINK_IsHalted()
T0AB0 048:144.640 - 0.740ms returns FALSE
T0AB0 048:252.944 JLINK_IsHalted()
T0AB0 048:253.780 - 0.831ms returns FALSE
T0AB0 048:253.872 JLINK_IsHalted()
T0AB0 048:254.612 - 0.737ms returns FALSE
T0AB0 048:361.840 JLINK_IsHalted()
T0AB0 048:362.680 - 0.830ms returns FALSE
T0AB0 048:362.808 JLINK_IsHalted()
T0AB0 048:363.544 - 0.736ms returns FALSE
T2B14 048:377.220 JLINK_IsHalted()
T2B14 048:377.872 - 0.652ms returns FALSE
T2B14 048:377.932 JLINK_IsHalted()
T2B14 048:378.744 - 0.804ms returns FALSE
T0AB0 048:471.784 JLINK_IsHalted()
T0AB0 048:472.600 - 0.818ms returns FALSE
T0AB0 048:472.700 JLINK_IsHalted()
T0AB0 048:473.440 - 0.735ms returns FALSE
T0AB0 048:580.796 JLINK_IsHalted()
T0AB0 048:581.580 - 0.778ms returns FALSE
T0AB0 048:581.680 JLINK_IsHalted()
T0AB0 048:582.428 - 0.747ms returns FALSE
T0AB0 048:690.680 JLINK_IsHalted()
T0AB0 048:691.496 - 0.807ms returns FALSE
T0AB0 048:691.612 JLINK_IsHalted()
T0AB0 048:692.384 - 0.767ms returns FALSE
T0AB0 048:799.560 JLINK_IsHalted()
T0AB0 048:800.428 - 0.861ms returns FALSE
T0AB0 048:800.552 JLINK_IsHalted()
T0AB0 048:801.304 - 0.747ms returns FALSE
T0AB0 048:908.536 JLINK_IsHalted()
T0AB0 048:909.384 - 0.844ms returns FALSE
T0AB0 048:909.528 JLINK_IsHalted()
T0AB0 048:910.288 - 0.753ms returns FALSE
T0AB0 049:018.472 JLINK_IsHalted()
T0AB0 049:019.332 - 0.856ms returns FALSE
T0AB0 049:019.432 JLINK_IsHalted()
T0AB0 049:020.176 - 0.737ms returns FALSE
T0AB0 049:127.432 JLINK_IsHalted()
T0AB0 049:128.272 - 0.840ms returns FALSE
T0AB0 049:128.372 JLINK_IsHalted()
T0AB0 049:129.120 - 0.745ms returns FALSE
T0AB0 049:237.320 JLINK_IsHalted()
T0AB0 049:238.112 - 0.786ms returns FALSE
T0AB0 049:238.204 JLINK_IsHalted()
T0AB0 049:239.004 - 0.793ms returns FALSE
T0AB0 049:346.356 JLINK_IsHalted()
T0AB0 049:347.108 - 0.749ms returns FALSE
T0AB0 049:347.204 JLINK_IsHalted()
T0AB0 049:348.008 - 0.798ms returns FALSE
T2B14 049:379.724 JLINK_IsHalted()
T2B14 049:380.432 - 0.706ms returns FALSE
T2B14 049:380.512 JLINK_IsHalted()
T2B14 049:381.128 - 0.613ms returns FALSE
T0AB0 049:456.284 JLINK_IsHalted()
T0AB0 049:457.080 - 0.791ms returns FALSE
T0AB0 049:457.176 JLINK_IsHalted()
T0AB0 049:457.928 - 0.749ms returns FALSE
T0AB0 049:565.152 JLINK_IsHalted()
T0AB0 049:566.080 - 0.915ms returns FALSE
T0AB0 049:566.188 JLINK_IsHalted()
T0AB0 049:566.988 - 0.796ms returns FALSE
T0AB0 049:674.092 JLINK_IsHalted()
T0AB0 049:674.940 - 0.844ms returns FALSE
T0AB0 049:675.128 JLINK_IsHalted()
T0AB0 049:675.912 - 0.781ms returns FALSE
T0AB0 049:784.104 JLINK_IsHalted()
T0AB0 049:784.916 - 0.809ms returns FALSE
T0AB0 049:785.012 JLINK_IsHalted()
T0AB0 049:785.756 - 0.740ms returns FALSE
T0AB0 049:892.936 JLINK_IsHalted()
T0AB0 049:893.768 - 0.825ms returns FALSE
T0AB0 049:893.952 JLINK_IsHalted()
T0AB0 049:894.776 - 0.824ms returns FALSE
T0AB0 050:002.980 JLINK_IsHalted()
T0AB0 050:003.792 - 0.809ms returns FALSE
T0AB0 050:003.896 JLINK_IsHalted()
T0AB0 050:004.608 - 0.707ms returns FALSE
T0AB0 050:111.812 JLINK_IsHalted()
T0AB0 050:112.628 - 0.814ms returns FALSE
T0AB0 050:112.776 JLINK_IsHalted()
T0AB0 050:113.532 - 0.757ms returns FALSE
T0AB0 050:221.820 JLINK_IsHalted()
T0AB0 050:222.680 - 0.856ms returns FALSE
T0AB0 050:222.792 JLINK_IsHalted()
T0AB0 050:223.572 - 0.772ms returns FALSE
T0AB0 050:330.876 JLINK_IsHalted()
T0AB0 050:331.656 - 0.774ms returns FALSE
T0AB0 050:331.720 JLINK_IsHalted()
T0AB0 050:332.440 - 0.716ms returns FALSE
T2B14 050:382.024 JLINK_IsHalted()
T2B14 050:382.672 - 0.649ms returns FALSE
T2B14 050:382.736 JLINK_IsHalted()
T2B14 050:383.464 - 0.725ms returns FALSE
T0AB0 050:440.620 JLINK_IsHalted()
T0AB0 050:441.500 - 0.875ms returns FALSE
T0AB0 050:441.596 JLINK_IsHalted()
T0AB0 050:442.352 - 0.751ms returns FALSE
T0AB0 050:549.624 JLINK_IsHalted()
T0AB0 050:550.416 - 0.790ms returns FALSE
T0AB0 050:550.508 JLINK_IsHalted()
T0AB0 050:551.284 - 0.768ms returns FALSE
T0AB0 050:658.600 JLINK_IsHalted()
T0AB0 050:659.384 - 0.784ms returns FALSE
T0AB0 050:659.480 JLINK_IsHalted()
T0AB0 050:660.256 - 0.772ms returns FALSE
T0AB0 050:768.504 JLINK_IsHalted()
T0AB0 050:769.368 - 0.859ms returns FALSE
T0AB0 050:769.468 JLINK_IsHalted()
T0AB0 050:770.236 - 0.765ms returns FALSE
T0AB0 050:877.372 JLINK_IsHalted()
T0AB0 050:878.200 - 0.823ms returns FALSE
T0AB0 050:878.332 JLINK_IsHalted()
T0AB0 050:879.100 - 0.764ms returns FALSE
T0AB0 050:987.416 JLINK_IsHalted()
T0AB0 050:988.216 - 0.797ms returns FALSE
T0AB0 050:988.312 JLINK_IsHalted()
T0AB0 050:989.144 - 0.822ms returns FALSE
T0AB0 051:096.360 JLINK_IsHalted()
T0AB0 051:097.184 - 0.822ms returns FALSE
T0AB0 051:097.284 JLINK_IsHalted()
T0AB0 051:098.016 - 0.726ms returns FALSE
T0AB0 051:206.360 JLINK_IsHalted()
T0AB0 051:207.096 - 0.732ms returns FALSE
T0AB0 051:207.192 JLINK_IsHalted()
T0AB0 051:208.004 - 0.806ms returns FALSE
T0AB0 051:315.152 JLINK_IsHalted()
T0AB0 051:316.096 - 0.929ms returns FALSE
T0AB0 051:316.204 JLINK_IsHalted()
T0AB0 051:317.032 - 0.821ms returns FALSE
T2B14 051:384.460 JLINK_IsHalted()
T2B14 051:385.152 - 0.688ms returns FALSE
T2B14 051:385.212 JLINK_IsHalted()
T2B14 051:386.012 - 0.793ms returns FALSE
T0AB0 051:424.136 JLINK_IsHalted()
T0AB0 051:424.816 - 0.680ms returns FALSE
T0AB0 051:424.920 JLINK_IsHalted()
T0AB0 051:425.596 - 0.675ms returns FALSE
T0AB0 051:534.072 JLINK_IsHalted()
T0AB0 051:534.912 - 0.835ms returns FALSE
T0AB0 051:535.012 JLINK_IsHalted()
T0AB0 051:535.800 - 0.785ms returns FALSE
T0AB0 051:642.940 JLINK_IsHalted()
T0AB0 051:643.760 - 0.817ms returns FALSE
T0AB0 051:643.900 JLINK_IsHalted()
T0AB0 051:644.736 - 0.832ms returns FALSE
T0AB0 051:753.028 JLINK_IsHalted()
T0AB0 051:753.816 - 0.789ms returns FALSE
T0AB0 051:753.916 JLINK_IsHalted()
T0AB0 051:754.740 - 0.820ms returns FALSE
T0AB0 051:861.812 JLINK_IsHalted()
T0AB0 051:862.632 - 0.818ms returns FALSE
T0AB0 051:862.796 JLINK_IsHalted()
T0AB0 051:863.560 - 0.760ms returns FALSE
T0AB0 051:971.868 JLINK_IsHalted()
T0AB0 051:972.712 - 0.841ms returns FALSE
T0AB0 051:972.816 JLINK_IsHalted()
T0AB0 051:973.640 - 0.813ms returns FALSE
T0AB0 052:080.716 JLINK_IsHalted()
T0AB0 052:081.560 - 0.836ms returns FALSE
T0AB0 052:081.692 JLINK_IsHalted()
T0AB0 052:082.492 - 0.798ms returns FALSE
T0AB0 052:190.716 JLINK_IsHalted()
T0AB0 052:191.496 - 0.779ms returns FALSE
T0AB0 052:191.600 JLINK_IsHalted()
T0AB0 052:192.340 - 0.736ms returns FALSE
T0AB0 052:299.632 JLINK_IsHalted()
T0AB0 052:300.456 - 0.820ms returns FALSE
T0AB0 052:300.556 JLINK_IsHalted()
T0AB0 052:301.288 - 0.729ms returns FALSE
T2B14 052:386.928 JLINK_IsHalted()
T2B14 052:387.604 - 0.672ms returns FALSE
T2B14 052:387.668 JLINK_IsHalted()
T2B14 052:388.408 - 0.737ms returns FALSE
T0AB0 052:408.560 JLINK_IsHalted()
T0AB0 052:409.396 - 0.821ms returns FALSE
T0AB0 052:409.512 JLINK_IsHalted()
T0AB0 052:410.260 - 0.741ms returns FALSE
T0AB0 052:518.536 JLINK_IsHalted()
T0AB0 052:519.324 - 0.784ms returns FALSE
T0AB0 052:519.424 JLINK_IsHalted()
T0AB0 052:520.164 - 0.738ms returns FALSE
T0AB0 052:627.368 JLINK_IsHalted()
T0AB0 052:628.204 - 0.828ms returns FALSE
T0AB0 052:628.344 JLINK_IsHalted()
T0AB0 052:629.128 - 0.777ms returns FALSE
T0AB0 052:737.452 JLINK_IsHalted()
T0AB0 052:738.208 - 0.752ms returns FALSE
T0AB0 052:738.324 JLINK_IsHalted()
T0AB0 052:739.064 - 0.739ms returns FALSE
T0AB0 052:846.280 JLINK_IsHalted()
T0AB0 052:847.132 - 0.848ms returns FALSE
T0AB0 052:847.272 JLINK_IsHalted()
T0AB0 052:848.040 - 0.766ms returns FALSE
T0AB0 052:956.308 JLINK_IsHalted()
T0AB0 052:957.092 - 0.782ms returns FALSE
T0AB0 052:957.196 JLINK_IsHalted()
T0AB0 052:958.028 - 0.828ms returns FALSE
T0AB0 053:065.128 JLINK_IsHalted()
T0AB0 053:066.056 - 0.929ms returns FALSE
T0AB0 053:066.160 JLINK_IsHalted()
T0AB0 053:066.968 - 0.804ms returns FALSE
T0AB0 053:175.032 JLINK_IsHalted()
T0AB0 053:175.736 - 0.697ms returns FALSE
T0AB0 053:175.804 JLINK_IsHalted()
T0AB0 053:176.440 - 0.628ms returns FALSE
T0AB0 053:283.976 JLINK_IsHalted()
T0AB0 053:284.712 - 0.731ms returns FALSE
T0AB0 053:284.792 JLINK_IsHalted()
T0AB0 053:285.432 - 0.638ms returns FALSE
T2B14 053:389.160 JLINK_IsHalted()
T2B14 053:389.760 - 0.601ms returns FALSE
T2B14 053:389.808 JLINK_IsHalted()
T2B14 053:390.360 - 0.547ms returns FALSE
T0AB0 053:392.960 JLINK_IsHalted()
T0AB0 053:393.708 - 0.746ms returns FALSE
T0AB0 053:393.768 JLINK_IsHalted()
T0AB0 053:394.388 - 0.617ms returns FALSE
T0AB0 053:502.812 JLINK_IsHalted()
T0AB0 053:503.508 - 0.691ms returns FALSE
T0AB0 053:503.572 JLINK_IsHalted()
T0AB0 053:504.232 - 0.660ms returns FALSE
T0AB0 053:611.788 JLINK_IsHalted()
T0AB0 053:612.488 - 0.697ms returns FALSE
T0AB0 053:612.552 JLINK_IsHalted()
T0AB0 053:613.204 - 0.652ms returns FALSE
T0AB0 053:721.720 JLINK_IsHalted()
T0AB0 053:722.348 - 0.627ms returns FALSE
T0AB0 053:722.388 JLINK_IsHalted()
T0AB0 053:723.040 - 0.652ms returns FALSE
T0AB0 053:830.616 JLINK_IsHalted()
T0AB0 053:831.272 - 0.652ms returns FALSE
T0AB0 053:831.316 JLINK_IsHalted()
T0AB0 053:831.988 - 0.668ms returns FALSE
T0AB0 053:940.596 JLINK_IsHalted()
T0AB0 053:941.224 - 0.625ms returns FALSE
T0AB0 053:941.260 JLINK_IsHalted()
T0AB0 053:941.932 - 0.670ms returns FALSE
T0AB0 054:049.536 JLINK_IsHalted()
T0AB0 054:050.232 - 0.693ms returns FALSE
T0AB0 054:050.296 JLINK_IsHalted()
T0AB0 054:050.956 - 0.657ms returns FALSE
T0AB0 054:158.488 JLINK_IsHalted()
T0AB0 054:159.208 - 0.718ms returns FALSE
T0AB0 054:159.276 JLINK_IsHalted()
T0AB0 054:159.916 - 0.637ms returns FALSE
T0AB0 054:268.428 JLINK_IsHalted()
T0AB0 054:269.120 - 0.687ms returns FALSE
T0AB0 054:269.176 JLINK_IsHalted()
T0AB0 054:269.848 - 0.666ms returns FALSE
T0AB0 054:377.352 JLINK_IsHalted()
T0AB0 054:378.080 - 0.727ms returns FALSE
T0AB0 054:378.152 JLINK_IsHalted()
T0AB0 054:378.828 - 0.677ms returns FALSE
T2B14 054:391.528 JLINK_IsHalted()
T2B14 054:392.128 - 0.598ms returns FALSE
T2B14 054:392.232 JLINK_IsHalted()
T2B14 054:392.872 - 0.637ms returns FALSE
T0AB0 054:487.276 JLINK_IsHalted()
T0AB0 054:487.916 - 0.633ms returns FALSE
T0AB0 054:487.956 JLINK_IsHalted()
T0AB0 054:488.588 - 0.631ms returns FALSE
T0AB0 054:596.232 JLINK_IsHalted()
T0AB0 054:596.984 - 0.754ms returns FALSE
T0AB0 054:597.080 JLINK_IsHalted()
T0AB0 054:597.688 - 0.609ms returns FALSE
T0AB0 054:706.164 JLINK_IsHalted()
T0AB0 054:706.828 - 0.667ms returns FALSE
T0AB0 054:706.900 JLINK_IsHalted()
T0AB0 054:707.584 - 0.682ms returns FALSE
T0AB0 054:815.080 JLINK_IsHalted()
T0AB0 054:815.764 - 0.683ms returns FALSE
T0AB0 054:815.828 JLINK_IsHalted()
T0AB0 054:816.512 - 0.684ms returns FALSE
T0AB0 054:925.036 JLINK_IsHalted()
T0AB0 054:925.736 - 0.694ms returns FALSE
T0AB0 054:925.800 JLINK_IsHalted()
T0AB0 054:926.456 - 0.655ms returns FALSE
T0AB0 055:033.976 JLINK_IsHalted()
T0AB0 055:034.708 - 0.729ms returns FALSE
T0AB0 055:034.776 JLINK_IsHalted()
T0AB0 055:035.456 - 0.674ms returns FALSE
T0AB0 055:142.868 JLINK_IsHalted()
T0AB0 055:143.500 - 0.628ms returns FALSE
T0AB0 055:143.540 JLINK_IsHalted()
T0AB0 055:144.116 - 0.576ms returns FALSE
T0AB0 055:252.844 JLINK_IsHalted()
T0AB0 055:253.472 - 0.630ms returns FALSE
T0AB0 055:253.516 JLINK_IsHalted()
T0AB0 055:254.176 - 0.660ms returns FALSE
T0AB0 055:361.816 JLINK_IsHalted()
T0AB0 055:362.476 - 0.658ms returns FALSE
T0AB0 055:362.540 JLINK_IsHalted()
T0AB0 055:363.208 - 0.660ms returns FALSE
T2B14 055:393.984 JLINK_IsHalted()
T2B14 055:394.728 - 0.735ms returns FALSE
T2B14 055:394.792 JLINK_IsHalted()
T2B14 055:395.400 - 0.603ms returns FALSE
T0AB0 055:471.688 JLINK_IsHalted()
T0AB0 055:472.392 - 0.697ms returns FALSE
T0AB0 055:472.448 JLINK_IsHalted()
T0AB0 055:473.128 - 0.676ms returns FALSE
T0AB0 055:580.672 JLINK_IsHalted()
T0AB0 055:581.388 - 0.713ms returns FALSE
T0AB0 055:581.460 JLINK_IsHalted()
T0AB0 055:582.124 - 0.664ms returns FALSE
T0AB0 055:690.568 JLINK_IsHalted()
T0AB0 055:691.264 - 0.699ms returns FALSE
T0AB0 055:691.328 JLINK_IsHalted()
T0AB0 055:691.988 - 0.653ms returns FALSE
T0AB0 055:799.532 JLINK_IsHalted()
T0AB0 055:800.168 - 0.634ms returns FALSE
T0AB0 055:800.204 JLINK_IsHalted()
T0AB0 055:800.856 - 0.651ms returns FALSE
T0AB0 055:908.472 JLINK_IsHalted()
T0AB0 055:909.208 - 0.732ms returns FALSE
T0AB0 055:909.280 JLINK_IsHalted()
T0AB0 055:909.984 - 0.704ms returns FALSE
T0AB0 056:018.444 JLINK_IsHalted()
T0AB0 056:019.112 - 0.663ms returns FALSE
T0AB0 056:019.176 JLINK_IsHalted()
T0AB0 056:019.848 - 0.666ms returns FALSE
T0AB0 056:127.328 JLINK_IsHalted()
T0AB0 056:128.040 - 0.711ms returns FALSE
T0AB0 056:128.104 JLINK_IsHalted()
T0AB0 056:128.792 - 0.686ms returns FALSE
T0AB0 056:237.292 JLINK_IsHalted()
T0AB0 056:237.952 - 0.662ms returns FALSE
T0AB0 056:238.016 JLINK_IsHalted()
T0AB0 056:238.708 - 0.684ms returns FALSE
T0AB0 056:346.196 JLINK_IsHalted()
T0AB0 056:346.888 - 0.693ms returns FALSE
T0AB0 056:346.952 JLINK_IsHalted()
T0AB0 056:347.704 - 0.754ms returns FALSE
T2B14 056:396.376 JLINK_IsHalted()
T2B14 056:397.024 - 0.641ms returns FALSE
T2B14 056:397.096 JLINK_IsHalted()
T2B14 056:397.688 - 0.594ms returns FALSE
T0AB0 056:456.160 JLINK_IsHalted()
T0AB0 056:456.864 - 0.702ms returns FALSE
T0AB0 056:456.928 JLINK_IsHalted()
T0AB0 056:457.592 - 0.665ms returns FALSE
T0AB0 056:565.100 JLINK_IsHalted()
T0AB0 056:565.792 - 0.687ms returns FALSE
T0AB0 056:565.856 JLINK_IsHalted()
T0AB0 056:566.476 - 0.620ms returns FALSE
T0AB0 056:674.984 JLINK_IsHalted()
T0AB0 056:675.680 - 0.695ms returns FALSE
T0AB0 056:675.732 JLINK_IsHalted()
T0AB0 056:676.308 - 0.574ms returns FALSE
T0AB0 056:783.928 JLINK_IsHalted()
T0AB0 056:784.552 - 0.616ms returns FALSE
T0AB0 056:784.600 JLINK_IsHalted()
T0AB0 056:785.208 - 0.605ms returns FALSE
T0AB0 056:892.960 JLINK_IsHalted()
T0AB0 056:893.812 - 0.842ms returns FALSE
T0AB0 056:893.944 JLINK_IsHalted()
T0AB0 056:894.760 - 0.807ms returns FALSE
T0AB0 057:002.988 JLINK_IsHalted()
T0AB0 057:003.732 - 0.740ms returns FALSE
T0AB0 057:003.828 JLINK_IsHalted()
T0AB0 057:004.620 - 0.787ms returns FALSE
T0AB0 057:111.832 JLINK_IsHalted()
T0AB0 057:112.780 - 0.942ms returns FALSE
T0AB0 057:112.884 JLINK_IsHalted()
T0AB0 057:113.736 - 0.845ms returns FALSE
T0AB0 057:221.772 JLINK_IsHalted()
T0AB0 057:222.636 - 0.854ms returns FALSE
T0AB0 057:222.752 JLINK_IsHalted()
T0AB0 057:223.540 - 0.783ms returns FALSE
T0AB0 057:330.760 JLINK_IsHalted()
T0AB0 057:331.544 - 0.781ms returns FALSE
T0AB0 057:331.656 JLINK_IsHalted()
T0AB0 057:332.408 - 0.752ms returns FALSE
T2B14 057:399.028 JLINK_IsHalted()
T2B14 057:399.712 - 0.684ms returns FALSE
T2B14 057:399.776 JLINK_IsHalted()
T2B14 057:400.492 - 0.711ms returns FALSE
T0AB0 057:440.616 JLINK_IsHalted()
T0AB0 057:441.472 - 0.851ms returns FALSE
T0AB0 057:441.560 JLINK_IsHalted()
T0AB0 057:442.312 - 0.748ms returns FALSE
T0AB0 057:549.612 JLINK_IsHalted()
T0AB0 057:550.424 - 0.809ms returns FALSE
T0AB0 057:550.528 JLINK_IsHalted()
T0AB0 057:551.284 - 0.751ms returns FALSE
T0AB0 057:658.560 JLINK_IsHalted()
T0AB0 057:659.380 - 0.816ms returns FALSE
T0AB0 057:659.508 JLINK_IsHalted()
T0AB0 057:660.256 - 0.744ms returns FALSE
T0AB0 057:768.500 JLINK_IsHalted()
T0AB0 057:769.304 - 0.803ms returns FALSE
T0AB0 057:769.408 JLINK_IsHalted()
T0AB0 057:770.184 - 0.773ms returns FALSE
T0AB0 057:877.440 JLINK_IsHalted()
T0AB0 057:878.232 - 0.789ms returns FALSE
T0AB0 057:878.336 JLINK_IsHalted()
T0AB0 057:879.112 - 0.767ms returns FALSE
T0AB0 057:987.380 JLINK_IsHalted()
T0AB0 057:988.168 - 0.785ms returns FALSE
T0AB0 057:988.268 JLINK_IsHalted()
T0AB0 057:989.044 - 0.772ms returns FALSE
T0AB0 058:096.244 JLINK_IsHalted()
T0AB0 058:097.064 - 0.819ms returns FALSE
T0AB0 058:097.216 JLINK_IsHalted()
T0AB0 058:098.024 - 0.808ms returns FALSE
T0AB0 058:206.520 JLINK_IsHalted()
T0AB0 058:207.244 - 0.716ms returns FALSE
T0AB0 058:207.308 JLINK_IsHalted()
T0AB0 058:207.960 - 0.647ms returns FALSE
T0AB0 058:315.116 JLINK_IsHalted()
T0AB0 058:316.012 - 0.895ms returns FALSE
T0AB0 058:316.120 JLINK_IsHalted()
T0AB0 058:316.884 - 0.757ms returns FALSE
T2B14 058:401.484 JLINK_IsHalted()
T2B14 058:402.164 - 0.678ms returns FALSE
T2B14 058:402.220 JLINK_IsHalted()
T2B14 058:403.028 - 0.800ms returns FALSE
T0AB0 058:425.140 JLINK_IsHalted()
T0AB0 058:425.880 - 0.747ms returns FALSE
T0AB0 058:425.944 JLINK_IsHalted()
T0AB0 058:426.600 - 0.649ms returns FALSE
T0AB0 058:533.996 JLINK_IsHalted()
T0AB0 058:534.840 - 0.841ms returns FALSE
T0AB0 058:534.932 JLINK_IsHalted()
T0AB0 058:535.732 - 0.794ms returns FALSE
T0AB0 058:643.040 JLINK_IsHalted()
T0AB0 058:643.852 - 0.810ms returns FALSE
T0AB0 058:643.956 JLINK_IsHalted()
T0AB0 058:644.736 - 0.782ms returns FALSE
T0AB0 058:752.972 JLINK_IsHalted()
T0AB0 058:753.768 - 0.795ms returns FALSE
T0AB0 058:753.864 JLINK_IsHalted()
T0AB0 058:754.604 - 0.736ms returns FALSE
T0AB0 058:861.804 JLINK_IsHalted()
T0AB0 058:862.592 - 0.784ms returns FALSE
T0AB0 058:862.804 JLINK_IsHalted()
T0AB0 058:863.564 - 0.759ms returns FALSE
T0AB0 058:972.040 JLINK_IsHalted()
T0AB0 058:972.776 - 0.731ms returns FALSE
T0AB0 058:972.840 JLINK_IsHalted()
T0AB0 058:973.448 - 0.602ms returns FALSE
T0AB0 059:080.712 JLINK_IsHalted()
T0AB0 059:081.560 - 0.849ms returns FALSE
T0AB0 059:081.708 JLINK_IsHalted()
T0AB0 059:082.484 - 0.771ms returns FALSE
T0AB0 059:190.700 JLINK_IsHalted()
T0AB0 059:191.488 - 0.786ms returns FALSE
T0AB0 059:191.592 JLINK_IsHalted()
T0AB0 059:192.360 - 0.765ms returns FALSE
T0AB0 059:299.520 JLINK_IsHalted()
T0AB0 059:300.200 - 0.676ms returns FALSE
T0AB0 059:300.256 JLINK_IsHalted()
T0AB0 059:300.916 - 0.657ms returns FALSE
T2B14 059:403.744 JLINK_IsHalted()
T2B14 059:404.780 - 1.032ms returns FALSE
T2B14 059:404.844 JLINK_IsHalted()
T2B14 059:405.352 - 0.504ms returns FALSE
T0AB0 059:408.328 JLINK_IsHalted()
T0AB0 059:408.844 - 0.515ms returns FALSE
T0AB0 059:408.884 JLINK_IsHalted()
T0AB0 059:409.320 - 0.435ms returns FALSE
T0AB0 059:518.376 JLINK_IsHalted()
T0AB0 059:518.968 - 0.593ms returns FALSE
T0AB0 059:519.008 JLINK_IsHalted()
T0AB0 059:519.680 - 0.669ms returns FALSE
T0AB0 059:627.304 JLINK_IsHalted()
T0AB0 059:627.912 - 0.612ms returns FALSE
T0AB0 059:627.956 JLINK_IsHalted()
T0AB0 059:628.564 - 0.602ms returns FALSE
T0AB0 059:737.408 JLINK_IsHalted()
T0AB0 059:738.216 - 0.805ms returns FALSE
T0AB0 059:738.316 JLINK_IsHalted()
T0AB0 059:739.124 - 0.801ms returns FALSE
T0AB0 059:846.316 JLINK_IsHalted()
T0AB0 059:846.408 - 0.085ms returns ERROR
T0AB0 059:846.444 JLINK_IsHalted()
T0AB0 059:846.472 - 0.024ms returns ERROR
T2C04 059:853.512 JLINK_Halt()
T2C04 059:853.576 - 0.066ms returns 0x00
T2C04 059:853.612 JLINK_ReadReg(XPSR)
T2C04 059:853.640 - 0.025ms returns 0x00000000
T2C04 059:858.068 JLINK_Close()
T2C04 059:858.912   CPU is running
T2C04 059:858.984   CPU_WriteMem(4 bytes @ 0xE0002008)
T2C04 059:859.756   CPU is running
T2C04 059:859.860   CPU_WriteMem(4 bytes @ 0xE000200C)
T2C04 059:860.744   CPU is running
T2C04 059:860.852   CPU_WriteMem(4 bytes @ 0xE0002010)
T2C04 059:861.748   CPU is running
T2C04 059:861.848   CPU_WriteMem(4 bytes @ 0xE0002014)
T2C04 059:862.764   CPU is running
T2C04 059:862.860   CPU_WriteMem(4 bytes @ 0xE0002018)
T2C04 059:863.656   CPU is running
T2C04 059:863.796   CPU_WriteMem(4 bytes @ 0xE000201C)
T2C04 059:868.340   OnDisconnectTarget() start
T2C04 059:868.416    J-Link Script File: Executing OnDisconnectTarget()
T2C04 059:868.448   Restoring low power mode settings.
T2C04 059:874.708   OnDisconnectTarget() end - Took 6.28ms
T2C04 059:881.656 - 23.588ms
T2C04 059:881.708   
T2C04 059:881.736   Closed
